{
  "stats": {
    "suites": 24,
    "tests": 48,
    "passes": 48,
    "pending": 0,
    "failures": 0,
    "start": "2022-04-18T17:17:28.039Z",
    "end": "2022-04-18T17:22:43.687Z",
    "duration": 132901,
    "testsRegistered": 48,
    "passPercent": 100,
    "pendingPercent": 0,
    "other": 0,
    "hasOther": false,
    "skipped": 0,
    "hasSkipped": false
  },
  "results": [
    {
      "uuid": "08938673-9a58-4b1a-825b-f51974e71292",
      "title": "",
      "fullFile": "cypress/integration/automation-test-store/alias-invoke.js",
      "file": "cypress/integration/automation-test-store/alias-invoke.js",
      "beforeHooks": [],
      "afterHooks": [],
      "tests": [],
      "suites": [
        {
          "uuid": "6e961dba-5f90-4c96-ba88-9d540a9151ba",
          "title": "Alias and invoke",
          "fullFile": "",
          "file": "",
          "beforeHooks": [],
          "afterHooks": [],
          "tests": [
            {
              "title": "Calculate total of normal and sale products ",
              "fullTitle": "Alias and invoke Calculate total of normal and sale products ",
              "timedOut": null,
              "duration": 4045,
              "state": "passed",
              "speed": "slow",
              "pass": true,
              "fail": false,
              "pending": false,
              "context": null,
              "code": "cy.visit(\"https://automationteststore.com/\");\ncy.get('.thumbnail').as('Thumbnail'); // iterate all the @Thumbnail elements and find the elements with class name .oneprice \n// assign them to the variable $el and get the index number of the elements\n// cy.get('@Thumbnail').find('.oneprice').each(($el, index, $list) => {\n//     cy.log($el.text())\n//invoke command extract the text of the elements and assign it to the variable as itemPrice\n// those are chained commands \ncy.get('.thumbnail').find('.oneprice').invoke('text').as('itemPrice');\ncy.get('.thumbnail').find('.pricenew').invoke('text').as('saleItemPrice');\nvar itemsTotal = 0; // here then command is used to get the text of the variable itemPrice and assign it to the variable linkText\ncy.get('@itemPrice').then($linkText => {\n  var itemPriceTotal = 0; // when it sees a $ sybmol it split remove it and print the rest of the text\n  var itemPrice = $linkText.split('$');\n  var i;\n  for (i = 0; i < itemPrice.length; i++) {\n    cy.log(itemPrice[i]); //Number command converts the string to a number and add it to the itemPriceTotal\n    itemPriceTotal += Number(itemPrice[i]);\n  }\n  itemsTotal += itemPriceTotal;\n  cy.log('Total of Pricees is : ' + itemPriceTotal);\n}); //Extract the item of each sale item and add them to the saleItemTotal\ncy.get('@saleItemPrice').then($linkText => {\n  var saleItemPrice = 0;\n  var saleItemPriceTotal = $linkText.split('$');\n  var i;\n  for (i = 0; i < saleItemPriceTotal.length; i++) {\n    cy.log(saleItemPriceTotal[i]);\n    saleItemPrice += Number(saleItemPriceTotal[i]);\n  }\n  itemsTotal += saleItemPrice;\n  cy.log('Total of Sale Prices is : ' + saleItemPrice);\n}).then(() => {\n  cy.log('Total of all prices is : ' + itemsTotal);\n  expect(itemsTotal).to.equal(648.5);\n});",
              "err": {},
              "uuid": "78423059-b634-4992-9825-7ed32911abfc",
              "parentUUID": "6e961dba-5f90-4c96-ba88-9d540a9151ba",
              "isHook": false,
              "skipped": false
            }
          ],
          "suites": [],
          "passes": [
            "78423059-b634-4992-9825-7ed32911abfc"
          ],
          "failures": [],
          "pending": [],
          "skipped": [],
          "duration": 4045,
          "root": false,
          "rootEmpty": false,
          "_timeout": 2000
        }
      ],
      "passes": [],
      "failures": [],
      "pending": [],
      "skipped": [],
      "duration": 0,
      "root": true,
      "rootEmpty": true,
      "_timeout": 2000
    },
    {
      "uuid": "645fe34d-06bf-46a7-bfde-842ece249ef7",
      "title": "",
      "fullFile": "cypress/integration/automation-test-store/contact-us.js",
      "file": "cypress/integration/automation-test-store/contact-us.js",
      "beforeHooks": [],
      "afterHooks": [],
      "tests": [],
      "suites": [
        {
          "uuid": "e1ad8804-336a-4c82-bd46-90fb5fcc3a18",
          "title": "Test Contact Us form via Automation Test Store",
          "fullFile": "",
          "file": "",
          "beforeHooks": [],
          "afterHooks": [],
          "tests": [
            {
              "title": "Should be able to submit a succesfull submission via contact us form",
              "fullTitle": "Test Contact Us form via Automation Test Store Should be able to submit a succesfull submission via contact us form",
              "timedOut": null,
              "duration": 6226,
              "state": "passed",
              "speed": "slow",
              "pass": true,
              "fail": false,
              "pending": false,
              "context": null,
              "code": "cy.visit(\"https://automationteststore.com/\"); //once we click on the first item we will get the text of the item and then function will return the text of the item\ncy.get(\"a[href$='contact']\").contains('Contact Us').click().then(function (contactUsLink) {\n  cy.log(\"Clicked on the contact us link :\" + contactUsLink.text());\n});\ncy.get(\"@user\").then(user => {\n  cy.get('#ContactUsFrm_first_name').type(user.first_Name);\n  cy.get('#ContactUsFrm_email').type(user.email);\n}); //cy.xpath(\"//a[contains(@href,'contact')]\").click();\n//css:[id=\"ContactUsFrm_enquiry\"]\n//xpath://input[contains(@name,'em')]\ncy.get('#ContactUsFrm_email').should('have.attr', 'name', 'email'); //xpath: //textarea[@id=\"ContactUsFrm_enquiry\"]\ncy.get('#ContactUsFrm_enquiry').type(\"This is a test\");\ncy.get(\"button[title='Submit']\").click();\ncy.get('.mb40 > :nth-child(3)').should('have.text', 'Your enquiry has been successfully sent to the store owner!');\ncy.log('Test has completed!');",
              "err": {},
              "uuid": "51e1557c-a732-4495-a2ec-051bf20003dc",
              "parentUUID": "e1ad8804-336a-4c82-bd46-90fb5fcc3a18",
              "isHook": false,
              "skipped": false
            }
          ],
          "suites": [],
          "passes": [
            "51e1557c-a732-4495-a2ec-051bf20003dc"
          ],
          "failures": [],
          "pending": [],
          "skipped": [],
          "duration": 6226,
          "root": false,
          "rootEmpty": false,
          "_timeout": 2000
        }
      ],
      "passes": [],
      "failures": [],
      "pending": [],
      "skipped": [],
      "duration": 0,
      "root": true,
      "rootEmpty": true,
      "_timeout": 2000
    },
    {
      "uuid": "17986c31-e849-4a3e-9300-f35fc03e7fd6",
      "title": "",
      "fullFile": "cypress/integration/automation-test-store/inspect-item.js",
      "file": "cypress/integration/automation-test-store/inspect-item.js",
      "beforeHooks": [],
      "afterHooks": [],
      "tests": [],
      "suites": [
        {
          "uuid": "15bfec19-ade1-4234-be52-e9a0e9e0ff5c",
          "title": "Inspect Automation Test Store items using chain of commands",
          "fullFile": "",
          "file": "",
          "beforeHooks": [],
          "afterHooks": [],
          "tests": [
            {
              "title": "Click on the first item using item text",
              "fullTitle": "Inspect Automation Test Store items using chain of commands Click on the first item using item text",
              "timedOut": null,
              "duration": 3934,
              "state": "passed",
              "speed": "slow",
              "pass": true,
              "fail": false,
              "pending": false,
              "context": null,
              "code": "cy.visit(\"https://automationteststore.com\"); //prdocutname is a class name of the first item and contains the text of the item\n//then will return the first item in the list of items and it ill order the sequence of execution \ncy.get('.prdocutname').contains('Skinsheen Bronzer Stick').click().then(function (itemHeaderText) {\n  console.log(\"Selected the following item :\" + itemHeaderText.text());\n});",
              "err": {},
              "uuid": "e8d13faf-e9cd-40ed-8590-eb2bb90fd7dd",
              "parentUUID": "15bfec19-ade1-4234-be52-e9a0e9e0ff5c",
              "isHook": false,
              "skipped": false
            }
          ],
          "suites": [],
          "passes": [
            "e8d13faf-e9cd-40ed-8590-eb2bb90fd7dd"
          ],
          "failures": [],
          "pending": [],
          "skipped": [],
          "duration": 3934,
          "root": false,
          "rootEmpty": false,
          "_timeout": 2000
        }
      ],
      "passes": [],
      "failures": [],
      "pending": [],
      "skipped": [],
      "duration": 0,
      "root": true,
      "rootEmpty": true,
      "_timeout": 2000
    },
    {
      "uuid": "2c6500cb-230f-44cb-92ba-032df3a7bd85",
      "title": "",
      "fullFile": "cypress/integration/automation-test-store/iterate-over-element.js",
      "file": "cypress/integration/automation-test-store/iterate-over-element.js",
      "beforeHooks": [],
      "afterHooks": [],
      "tests": [],
      "suites": [
        {
          "uuid": "ec9ab946-009e-46d6-9f8b-4e38d887780f",
          "title": "Iterate over elements",
          "fullFile": "",
          "file": "",
          "beforeHooks": [],
          "afterHooks": [],
          "tests": [
            {
              "title": "Add specific product to basket",
              "fullTitle": "Iterate over elements Add specific product to basket",
              "timedOut": null,
              "duration": 5054,
              "state": "passed",
              "speed": "slow",
              "pass": true,
              "fail": false,
              "pending": false,
              "context": null,
              "code": "cy.selectProduct('Pantene Pro-V Conditioner, Classic Care');",
              "err": {},
              "uuid": "9fa86b76-a775-4b05-8906-206645284baa",
              "parentUUID": "ec9ab946-009e-46d6-9f8b-4e38d887780f",
              "isHook": false,
              "skipped": false
            }
          ],
          "suites": [],
          "passes": [
            "9fa86b76-a775-4b05-8906-206645284baa"
          ],
          "failures": [],
          "pending": [],
          "skipped": [],
          "duration": 5054,
          "root": false,
          "rootEmpty": false,
          "_timeout": 2000
        }
      ],
      "passes": [],
      "failures": [],
      "pending": [],
      "skipped": [],
      "duration": 0,
      "root": true,
      "rootEmpty": true,
      "_timeout": 2000
    },
    {
      "uuid": "efdaf833-7129-4f47-a613-87f590615f9a",
      "title": "",
      "fullFile": "cypress/integration/automation-test-store/variables-and-cy-commands.js",
      "file": "cypress/integration/automation-test-store/variables-and-cy-commands.js",
      "beforeHooks": [],
      "afterHooks": [],
      "tests": [],
      "suites": [
        {
          "uuid": "37402868-9164-41a1-a460-351356c3fd95",
          "title": "Verifying variables,cypress commands and jquery commands",
          "fullFile": "",
          "file": "",
          "beforeHooks": [],
          "afterHooks": [],
          "tests": [
            {
              "title": "Navigating to specific product pages",
              "fullTitle": "Verifying variables,cypress commands and jquery commands Navigating to specific product pages",
              "timedOut": null,
              "duration": 4368,
              "state": "passed",
              "speed": "slow",
              "pass": true,
              "fail": false,
              "pending": false,
              "context": null,
              "code": "cy.visit(\"https://automationteststore.com/\"); //  const makeupLink = cy.get(\"a[href*='product/category&path=']\").contains(\"Makeup\") \n//  const skincareLink = cy.get(\"a[href*='product/category&path=']\").contains(\"Skincare\") \n//  makeupLink.click();\n//  skincareLink.click();\n//Recommendation: Use the below code to click on the links\ncy.get(\"a[href*='product/category&path=']\").contains(\"Skincare\").click();\ncy.get(\"a[href*='product/category&path=']\").contains(\"Makeup\").click();",
              "err": {},
              "uuid": "6af5a76f-c3fd-4002-b37d-a5b9be2a6bbc",
              "parentUUID": "37402868-9164-41a1-a460-351356c3fd95",
              "isHook": false,
              "skipped": false
            },
            {
              "title": "Navigating to specific product pages",
              "fullTitle": "Verifying variables,cypress commands and jquery commands Navigating to specific product pages",
              "timedOut": null,
              "duration": 2090,
              "state": "passed",
              "speed": "slow",
              "pass": true,
              "fail": false,
              "pending": false,
              "context": null,
              "code": "cy.visit(\"https://automationteststore.com/\");\ncy.get(\"a[href*='product/category&path=']\").contains(\"Makeup\").click(); // Following code will fail\n// const header = cy.get(\"h1 .maintext\");\n// cy.log(header.text())\n// here, then returns the text of .maintext elements and assign to headerText variable\ncy.get(\"h1 .maintext\").then($headerText => {\n  const headerText = $headerText.text();\n  cy.log(\"Found header text: \" + headerText);\n  expect(headerText).to.eq(\"Makeup\");\n});",
              "err": {},
              "uuid": "03b09ced-bd37-4a42-a1cb-107aefec3534",
              "parentUUID": "37402868-9164-41a1-a460-351356c3fd95",
              "isHook": false,
              "skipped": false
            },
            {
              "title": "Validate properties of the Contact Us Page",
              "fullTitle": "Verifying variables,cypress commands and jquery commands Validate properties of the Contact Us Page",
              "timedOut": null,
              "duration": 1078,
              "state": "passed",
              "speed": "slow",
              "pass": true,
              "fail": false,
              "pending": false,
              "context": null,
              "code": "cy.visit(\"https://automationteststore.com/index.php?rt=content/contact\"); // Uses cypress commands and chaining\n// validates the text of #field_11 element which is child of #ContactUsFrm element\ncy.contains('#ContactUsFrm', 'Contact Us Form').find('#field_11').should('contain', 'First name'); // JQuery Approach\ncy.contains('#ContactUsFrm', 'Contact Us Form').then(text => {\n  const firstNameText = text.find('#field_11').text();\n  expect(firstNameText).to.contain('First name'); //Embedded commands (Closure)\n  cy.get('#field_11').then(fnText => {\n    // prints the text inside the element \n    cy.log(fnText.text()); //prints the html of the element :<div#field_11.form-group.form_field>\n    cy.log(fnText);\n  });\n});",
              "err": {},
              "uuid": "5932d538-4b5d-44be-a11b-19fdc75e4d3f",
              "parentUUID": "37402868-9164-41a1-a460-351356c3fd95",
              "isHook": false,
              "skipped": false
            }
          ],
          "suites": [],
          "passes": [
            "6af5a76f-c3fd-4002-b37d-a5b9be2a6bbc",
            "03b09ced-bd37-4a42-a1cb-107aefec3534",
            "5932d538-4b5d-44be-a11b-19fdc75e4d3f"
          ],
          "failures": [],
          "pending": [],
          "skipped": [],
          "duration": 7536,
          "root": false,
          "rootEmpty": false,
          "_timeout": 2000
        }
      ],
      "passes": [],
      "failures": [],
      "pending": [],
      "skipped": [],
      "duration": 0,
      "root": true,
      "rootEmpty": true,
      "_timeout": 2000
    },
    {
      "uuid": "4c78f123-15f4-43c0-bf3d-da913b0bb1ee",
      "title": "",
      "fullFile": "cypress/integration/webdriver-uni/autocomplete-dropdown-list.js",
      "file": "cypress/integration/webdriver-uni/autocomplete-dropdown-list.js",
      "beforeHooks": [],
      "afterHooks": [],
      "tests": [],
      "suites": [
        {
          "uuid": "cc841b3f-6ce5-474f-9f40-5166ea6f7fca",
          "title": "Verify Autocomplete dropdown lists via webdriveruni",
          "fullFile": "",
          "file": "",
          "beforeHooks": [],
          "afterHooks": [],
          "tests": [
            {
              "title": "Select specific values via select dropdown list ",
              "fullTitle": "Verify Autocomplete dropdown lists via webdriveruni Select specific values via select dropdown list ",
              "timedOut": null,
              "duration": 3570,
              "state": "passed",
              "speed": "slow",
              "pass": true,
              "fail": false,
              "pending": false,
              "context": null,
              "code": "cy.visit(\"https://webdriveruniversity.com\");\ncy.get('#autocomplete-textfield').invoke('removeAttr', 'target').click({\n  force: true\n});\ncy.get('#myInput').type('A'); //This locator will capture all the options in the dropdown list starting with A and\n//assign it to $el variable\ncy.get('#myInputautocomplete-list > *').each(($el, index, $list) => {\n  //This will get all the options in the dropdown list as text \n  const prod = $el.text();\n  const productToSelect = 'Avacado';\n  if (prod === productToSelect) {\n    $el.click();\n    cy.get('#submit-button').click();\n    cy.url().should('include', productToSelect);\n  } // instead of writing a it block we can continue out test with diffrent parameters\n  //by using then actually we can chain the test\n}).then(() => {\n  cy.get('#myInput').type('g'); // this will iterate through the dropdown list through each method \n  // and assign it to $el variable\n  cy.get('#myInputautocomplete-list > *').each(($el, index, $list) => {\n    //This will get all the options in the dropdown list as text \n    const prod = $el.text();\n    const productToSelect = 'Grapes';\n    if (prod === productToSelect) {\n      //click command depriciated with this version of cypress\n      //$el.click();\n      $el.trigger(\"click\");\n      cy.get('#submit-button').click();\n      cy.url().should('include', productToSelect);\n    }\n  });\n});",
              "err": {},
              "uuid": "3c7914d7-a62f-4965-a20c-af0828d758ce",
              "parentUUID": "cc841b3f-6ce5-474f-9f40-5166ea6f7fca",
              "isHook": false,
              "skipped": false
            }
          ],
          "suites": [],
          "passes": [
            "3c7914d7-a62f-4965-a20c-af0828d758ce"
          ],
          "failures": [],
          "pending": [],
          "skipped": [],
          "duration": 3570,
          "root": false,
          "rootEmpty": false,
          "_timeout": 2000
        }
      ],
      "passes": [],
      "failures": [],
      "pending": [],
      "skipped": [],
      "duration": 0,
      "root": true,
      "rootEmpty": true,
      "_timeout": 2000
    },
    {
      "uuid": "cff7ad36-e1d2-466b-ac94-1c064c8b9d28",
      "title": "",
      "fullFile": "cypress/integration/webdriver-uni/browser-navigation.js",
      "file": "cypress/integration/webdriver-uni/browser-navigation.js",
      "beforeHooks": [],
      "afterHooks": [],
      "tests": [],
      "suites": [
        {
          "uuid": "f357dc30-4942-4b3a-bbf2-e693680c8510",
          "title": "Validate webdriveruni hompage links",
          "fullFile": "",
          "file": "",
          "beforeHooks": [],
          "afterHooks": [],
          "tests": [
            {
              "title": "Confirms links redirect to the correct pages",
              "fullTitle": "Validate webdriveruni hompage links Confirms links redirect to the correct pages",
              "timedOut": null,
              "duration": 5466,
              "state": "passed",
              "speed": "slow",
              "pass": true,
              "fail": false,
              "pending": false,
              "context": null,
              "code": "//cy.visit(\"https://webdriveruniversity.com/Contact-Us/contactus.html\");\ncy.visit(\"https://webdriveruniversity.com\"); // it will remain in the same browser tab\ncy.get('#contact-us').invoke('removeAttr', 'target').click({\n  force: true\n});\ncy.url().should('include', 'contactus'); // this code will go back to the home page \ncy.go('back'); // cy.reload(true) reload without using cache\ncy.reload(true);\ncy.url().should('include', 'https://webdriveruniversity.com/');\ncy.go('forward'); //will go to the contact us page\ncy.url().should('include', 'contactus');\ncy.go('back');\ncy.get('#login-portal').invoke('removeAttr', 'target').click({\n  force: true\n});\ncy.url().should('include', 'Login-Portal');\ncy.go('back'); // will go to the home page\n//This code also works\n//cy.visit('#section-title').contains('TO DO LIST').invoke('removeAttr', 'target').click({ force: true })\n// target has to be at the same line with id inside DOM\ncy.get('#to-do-list').invoke('removeAttr', 'target').click({\n  force: true\n});\ncy.go('back');",
              "err": {},
              "uuid": "93fdf222-9a8f-41c4-805f-8d2d013d7d51",
              "parentUUID": "f357dc30-4942-4b3a-bbf2-e693680c8510",
              "isHook": false,
              "skipped": false
            }
          ],
          "suites": [],
          "passes": [
            "93fdf222-9a8f-41c4-805f-8d2d013d7d51"
          ],
          "failures": [],
          "pending": [],
          "skipped": [],
          "duration": 5466,
          "root": false,
          "rootEmpty": false,
          "_timeout": 2000
        }
      ],
      "passes": [],
      "failures": [],
      "pending": [],
      "skipped": [],
      "duration": 0,
      "root": true,
      "rootEmpty": true,
      "_timeout": 2000
    },
    {
      "uuid": "2f4dcc76-15e0-487f-948b-3fcac589ebb0",
      "title": "",
      "fullFile": "cypress/integration/webdriver-uni/checkboxes_FINAL.js",
      "file": "cypress/integration/webdriver-uni/checkboxes_FINAL.js",
      "beforeHooks": [],
      "afterHooks": [],
      "tests": [],
      "suites": [
        {
          "uuid": "3c3db3f1-c03c-4647-ba1b-e5b98b4438dd",
          "title": "Verify checkboxes via webdriveruni",
          "fullFile": "",
          "file": "",
          "beforeHooks": [],
          "afterHooks": [],
          "tests": [
            {
              "title": "Check and validate checkbox",
              "fullTitle": "Verify checkboxes via webdriveruni Check and validate checkbox",
              "timedOut": null,
              "duration": 1642,
              "state": "passed",
              "speed": "slow",
              "pass": true,
              "fail": false,
              "pending": false,
              "context": null,
              "code": "//cy.get('#checkboxes > :nth-child(1) > input').check()\n//cy.get('#checkboxes > :nth-child(1) > input').check().should('be.checked')\ncy.get('#checkboxes > :nth-child(1) > input').as('option-1'); //cy.get('@option-1').check();\ncy.get('@option-1').check().should('be.checked');",
              "err": {},
              "uuid": "77c50315-ab6e-4b2a-bf3d-3e0e9b91cb5a",
              "parentUUID": "3c3db3f1-c03c-4647-ba1b-e5b98b4438dd",
              "isHook": false,
              "skipped": false
            },
            {
              "title": "Uncheck and validate checkbox",
              "fullTitle": "Verify checkboxes via webdriveruni Uncheck and validate checkbox",
              "timedOut": null,
              "duration": 551,
              "state": "passed",
              "speed": "slow",
              "pass": true,
              "fail": false,
              "pending": false,
              "context": null,
              "code": "cy.get(':nth-child(5) > input').as('option-3');\ncy.get('@option-3').uncheck().should('not.be.checked');",
              "err": {},
              "uuid": "331ba53e-dab4-4e96-8128-ac207199ab11",
              "parentUUID": "3c3db3f1-c03c-4647-ba1b-e5b98b4438dd",
              "isHook": false,
              "skipped": false
            },
            {
              "title": "Check multiple checkboxes",
              "fullTitle": "Verify checkboxes via webdriveruni Check multiple checkboxes",
              "timedOut": null,
              "duration": 674,
              "state": "passed",
              "speed": "slow",
              "pass": true,
              "fail": false,
              "pending": false,
              "context": null,
              "code": "cy.get(\"input[type='checkbox']\").check([\"option-1\", \"option-2\", \"option-3\", \"option-4\"]).should('be.checked');",
              "err": {},
              "uuid": "8e182522-80b2-4429-a58c-58120a2aa2eb",
              "parentUUID": "3c3db3f1-c03c-4647-ba1b-e5b98b4438dd",
              "isHook": false,
              "skipped": false
            }
          ],
          "suites": [],
          "passes": [
            "77c50315-ab6e-4b2a-bf3d-3e0e9b91cb5a",
            "331ba53e-dab4-4e96-8128-ac207199ab11",
            "8e182522-80b2-4429-a58c-58120a2aa2eb"
          ],
          "failures": [],
          "pending": [],
          "skipped": [],
          "duration": 2867,
          "root": false,
          "rootEmpty": false,
          "_timeout": 2000
        }
      ],
      "passes": [],
      "failures": [],
      "pending": [],
      "skipped": [],
      "duration": 0,
      "root": true,
      "rootEmpty": true,
      "_timeout": 2000
    },
    {
      "uuid": "6e33bf9e-563d-4ff5-9925-94d4e24e83c4",
      "title": "",
      "fullFile": "cypress/integration/webdriver-uni/checkboxes.js",
      "file": "cypress/integration/webdriver-uni/checkboxes.js",
      "beforeHooks": [],
      "afterHooks": [],
      "tests": [],
      "suites": [
        {
          "uuid": "68cff5b1-68cd-4d76-87a1-b904eec65ee6",
          "title": "Verify checkboxes via webdriveruni",
          "fullFile": "",
          "file": "",
          "beforeHooks": [],
          "afterHooks": [],
          "tests": [
            {
              "title": "Check and validate checkbox",
              "fullTitle": "Verify checkboxes via webdriveruni Check and validate checkbox",
              "timedOut": null,
              "duration": 1985,
              "state": "passed",
              "speed": "slow",
              "pass": true,
              "fail": false,
              "pending": false,
              "context": null,
              "code": "cy.visit(\"https://webdriveruniversity.com\");\ncy.get('#dropdown-checkboxes-radiobuttons').invoke('removeAttr', 'target').click({\n  force: true\n}); // it will check the first checkbox and then validate it in line below\n// cy.get('#checkboxes > :nth-child(1) > input').check()\n// cy.get('#checkboxes > :nth-child(1) > input').check().should('be.checked') \n// implementing code has to be order regarding options Line 13 and 16 otherwise \n//it will not work\ncy.get('#checkboxes > :nth-child(1) > input').as('option1');\ncy.get('@option1').check();\ncy.get('@option1').check().should('be.checked');\ncy.get(':nth-child(5) > input').as('option3').as('option3');\ncy.get('@option3').uncheck;\ncy.get('@option3').uncheck().should('not.be.checked');",
              "err": {},
              "uuid": "51e79223-3d72-4874-8d70-12655123f1aa",
              "parentUUID": "68cff5b1-68cd-4d76-87a1-b904eec65ee6",
              "isHook": false,
              "skipped": false
            },
            {
              "title": "Check and validate checkbox",
              "fullTitle": "Verify checkboxes via webdriveruni Check and validate checkbox",
              "timedOut": null,
              "duration": 2232,
              "state": "passed",
              "speed": "slow",
              "pass": true,
              "fail": false,
              "pending": false,
              "context": null,
              "code": "cy.visit(\"https://webdriveruniversity.com\");\ncy.get('#dropdown-checkboxes-radiobuttons').invoke('removeAttr', 'target').click({\n  force: true\n}); //This approach is working\n//cy.get(\"input[type='checkbox']\").check([\"option-1\", \"option-2\", \"option-3\", \"option-4\"]).should('be.checked')\nvar i = 0;\nfor (i = 1; i < 5; i++) {\n  cy.get('input[value=\"option-' + i + '\"]').check().should('be.checked');\n  cy.get('input[value=\"option-' + i + '\"]').uncheck();\n}",
              "err": {},
              "uuid": "042bde5f-2de5-4756-b4cc-2b1cbe1ad5a8",
              "parentUUID": "68cff5b1-68cd-4d76-87a1-b904eec65ee6",
              "isHook": false,
              "skipped": false
            }
          ],
          "suites": [],
          "passes": [
            "51e79223-3d72-4874-8d70-12655123f1aa",
            "042bde5f-2de5-4756-b4cc-2b1cbe1ad5a8"
          ],
          "failures": [],
          "pending": [],
          "skipped": [],
          "duration": 4217,
          "root": false,
          "rootEmpty": false,
          "_timeout": 2000
        }
      ],
      "passes": [],
      "failures": [],
      "pending": [],
      "skipped": [],
      "duration": 0,
      "root": true,
      "rootEmpty": true,
      "_timeout": 2000
    },
    {
      "uuid": "2a563b1b-7588-415a-bb7d-7d0d61dc8333",
      "title": "",
      "fullFile": "cypress/integration/webdriver-uni/contact-us_FINAL_1.js",
      "file": "cypress/integration/webdriver-uni/contact-us_FINAL_1.js",
      "beforeHooks": [],
      "afterHooks": [],
      "tests": [],
      "suites": [
        {
          "uuid": "26432b2c-773d-4d55-bc69-c044ca9b5384",
          "title": "Test Contact Us form via WebdriverUni",
          "fullFile": "",
          "file": "",
          "beforeHooks": [],
          "afterHooks": [],
          "tests": [
            {
              "title": "Should be able to submit a successful submission via contact us form",
              "fullTitle": "Test Contact Us form via WebdriverUni Should be able to submit a successful submission via contact us form",
              "timedOut": null,
              "duration": 12014,
              "state": "passed",
              "speed": "slow",
              "pass": true,
              "fail": false,
              "pending": false,
              "context": null,
              "code": "cy.document().should(\"have.property\", \"charset\").and(\"eq\", \"UTF-8\");\ncy.title().should(\"include\", \"WebDriver | Contact Us\");\ncy.url().should(\"include\", \"contactus\"); //Cypress.env coming from cypress.json file\ncontact_Us_PO.contactForm_Submission(Cypress.env(\"first_name\"), data.last_name, data.email, \"How can I learn Cypress?\", \"h1\", \"Thank You for your Message!\");",
              "err": {},
              "uuid": "117f0a88-ba80-45c3-8676-767d9d94fea4",
              "parentUUID": "26432b2c-773d-4d55-bc69-c044ca9b5384",
              "isHook": false,
              "skipped": false
            },
            {
              "title": "Should not be able to submit a successful submission via contact us form as all fields are required",
              "fullTitle": "Test Contact Us form via WebdriverUni Should not be able to submit a successful submission via contact us form as all fields are required",
              "timedOut": null,
              "duration": 6885,
              "state": "passed",
              "speed": "slow",
              "pass": true,
              "fail": false,
              "pending": false,
              "context": null,
              "code": "contact_Us_PO.contactForm_Submission(data.first_name, data.last_name, \" \", \"How can I learn Cypress?\", \"body\", \"Error: Invalid email address\");",
              "err": {},
              "uuid": "7fd20972-d773-4c5d-87f0-8a5d5af56ab2",
              "parentUUID": "26432b2c-773d-4d55-bc69-c044ca9b5384",
              "isHook": false,
              "skipped": false
            }
          ],
          "suites": [],
          "passes": [
            "117f0a88-ba80-45c3-8676-767d9d94fea4",
            "7fd20972-d773-4c5d-87f0-8a5d5af56ab2"
          ],
          "failures": [],
          "pending": [],
          "skipped": [],
          "duration": 18899,
          "root": false,
          "rootEmpty": false,
          "_timeout": 2000
        }
      ],
      "passes": [],
      "failures": [],
      "pending": [],
      "skipped": [],
      "duration": 0,
      "root": true,
      "rootEmpty": true,
      "_timeout": 2000
    },
    {
      "uuid": "1cf6e2c1-1be6-4da1-81d3-dc0448dcd421",
      "title": "",
      "fullFile": "cypress/integration/webdriver-uni/contact-us_FINAL.js",
      "file": "cypress/integration/webdriver-uni/contact-us_FINAL.js",
      "beforeHooks": [],
      "afterHooks": [],
      "tests": [],
      "suites": [
        {
          "uuid": "9352789b-6b58-4ede-90eb-6ef7493fa97d",
          "title": "Test Contact Us form via WebdriverUni",
          "fullFile": "",
          "file": "",
          "beforeHooks": [],
          "afterHooks": [],
          "tests": [
            {
              "title": "Should be able to submit a successful submission via contact us form",
              "fullTitle": "Test Contact Us form via WebdriverUni Should be able to submit a successful submission via contact us form",
              "timedOut": null,
              "duration": 8188,
              "state": "passed",
              "speed": "slow",
              "pass": true,
              "fail": false,
              "pending": false,
              "context": null,
              "code": "//cy.visit(\"http://www.webdriveruniversity.com/Contact-Us/contactus.html\");\ncy.document().should('have.property', 'charset').and('eq', 'UTF-8');\ncy.title().should('include', 'WebDriver | Contact Us');\ncy.url().should('include', 'contactus'); //This method comong from Contact_Us_PO.js file as a common method\nconst contact_Us_PO = new _Contact_Us_PO.default();\ncontact_Us_PO.contactForm_Submission(data.first_name, data.last_name, data.email, data.message, 'h1', 'Thank You for your Message!'); //cy.get('#contact-us').click({force: true})\n// cy.get('[name=\"first_name\"]').type(data.first_name);\n// cy.get('[name=\"last_name\"]').type(data.last_name);\n// cy.get('[name=\"email\"]').type(data.email)\n// cy.get('textarea.feedback-input').type(\"How can I learn Cypress?\")\n// cy.get('[type=\"submit\"]').click();\n// cy.get('h1').should('have.text', 'Thank You for your Message!')\n//This ,method will get the data from example.json file and pass as an argument to the method \n//cy.webdriverUni_ContactForm_Submission(data.first_name, data.last_name, data.email, \"How can I learn Cypress?\", 'h1', 'Thank You for your Message!');",
              "err": {},
              "uuid": "0c81cce8-a164-49d8-a4c8-3b5f97f9e3b1",
              "parentUUID": "9352789b-6b58-4ede-90eb-6ef7493fa97d",
              "isHook": false,
              "skipped": false
            },
            {
              "title": "Should not be able to submit a successful submission via contact us form as all fields are required",
              "fullTitle": "Test Contact Us form via WebdriverUni Should not be able to submit a successful submission via contact us form as all fields are required",
              "timedOut": null,
              "duration": 2647,
              "state": "passed",
              "speed": "slow",
              "pass": true,
              "fail": false,
              "pending": false,
              "context": null,
              "code": "//cy.visit(\"http://www.webdriveruniversity.com/Contact-Us/contactus.html\");\n// cy.get('[name=\"first_name\"]').type(data.first_name);\n// cy.get('[name=\"last_name\"]').type(data.last_name);\n// cy.get('textarea.feedback-input').type(\"How can I learn Cypress?\")\n// cy.get('[type=\"submit\"]').click();\n// cy.get('body').contains('Error: all fields are required');\n//first_name is coming from first_name evv variable inside cpress.json file\ncy.webdriverUni_ContactForm_Submission(Cypress.env(\"first_name\"), data.last_name, \" \", \"How can I learn Cypress?\", 'body', 'Error: Invalid email address');",
              "err": {},
              "uuid": "7ef8721d-f9c0-4451-a5da-e30953d1f4e4",
              "parentUUID": "9352789b-6b58-4ede-90eb-6ef7493fa97d",
              "isHook": false,
              "skipped": false
            }
          ],
          "suites": [],
          "passes": [
            "0c81cce8-a164-49d8-a4c8-3b5f97f9e3b1",
            "7ef8721d-f9c0-4451-a5da-e30953d1f4e4"
          ],
          "failures": [],
          "pending": [],
          "skipped": [],
          "duration": 10835,
          "root": false,
          "rootEmpty": false,
          "_timeout": 2000
        }
      ],
      "passes": [],
      "failures": [],
      "pending": [],
      "skipped": [],
      "duration": 0,
      "root": true,
      "rootEmpty": true,
      "_timeout": 2000
    },
    {
      "uuid": "2e03d723-7438-4bae-b3be-17cdf8f042d9",
      "title": "",
      "fullFile": "cypress/integration/webdriver-uni/contact-us.js",
      "file": "cypress/integration/webdriver-uni/contact-us.js",
      "beforeHooks": [],
      "afterHooks": [],
      "tests": [],
      "suites": [
        {
          "uuid": "fb19dced-8352-46b9-b62e-5bcab1d29dce",
          "title": "Test Contact Us form via WebdriverUni",
          "fullFile": "",
          "file": "",
          "beforeHooks": [],
          "afterHooks": [],
          "tests": [
            {
              "title": "Should not be able to submit a succesfull submission via contact us form as all fiels are required",
              "fullTitle": "Test Contact Us form via WebdriverUni Should not be able to submit a succesfull submission via contact us form as all fiels are required",
              "timedOut": null,
              "duration": 4528,
              "state": "passed",
              "speed": "slow",
              "pass": true,
              "fail": false,
              "pending": false,
              "context": null,
              "code": "// only runs this test\n//cy.visit(\"https://webdriveruniversity.com/Contact-Us/contactus.html\")\ncy.visit(\"https://webdriveruniversity.com\"); //.invoke('removeAttr', 'target').click({force:true}) this code will not open a new tab\n// browser will remain in the same tab and will not open a new tab SEC:28 -97\ncy.get('#contact-us').invoke('removeAttr', 'target').click({\n  force: true\n}); //This method comes from commands.js when passing the arguments data mast be in \n//order with the method inside commands.js`\ncy.webdriverUni_ContactForm_Submission('Deniz', 'Babayaka', 'deniz@gmail.com', 'I am learning Cypress', 'h1', 'Thank You for your Message!');",
              "err": {},
              "uuid": "df7060cc-6826-41b5-82ce-f232cbd2238c",
              "parentUUID": "fb19dced-8352-46b9-b62e-5bcab1d29dce",
              "isHook": false,
              "skipped": false
            }
          ],
          "suites": [],
          "passes": [
            "df7060cc-6826-41b5-82ce-f232cbd2238c"
          ],
          "failures": [],
          "pending": [],
          "skipped": [],
          "duration": 4528,
          "root": false,
          "rootEmpty": false,
          "_timeout": 2000
        }
      ],
      "passes": [],
      "failures": [],
      "pending": [],
      "skipped": [],
      "duration": 0,
      "root": true,
      "rootEmpty": true,
      "_timeout": 2000
    },
    {
      "uuid": "03be1482-e15b-499a-b2cc-e549d768ca44",
      "title": "",
      "fullFile": "cypress/integration/webdriver-uni/contact-us2.js",
      "file": "cypress/integration/webdriver-uni/contact-us2.js",
      "beforeHooks": [],
      "afterHooks": [],
      "tests": [],
      "suites": [
        {
          "uuid": "e51b22b3-1b74-4fc8-bffb-152ab0ee1a57",
          "title": "Test Contact Us form via Automation Test Store",
          "fullFile": "",
          "file": "",
          "beforeHooks": [],
          "afterHooks": [],
          "tests": [
            {
              "title": "Should be able to submit a successful submission via contact us form",
              "fullTitle": "Test Contact Us form via Automation Test Store Should be able to submit a successful submission via contact us form",
              "timedOut": null,
              "duration": 9191,
              "state": "passed",
              "speed": "slow",
              "pass": true,
              "fail": false,
              "pending": false,
              "context": null,
              "code": "cy.visit(\"https://www.automationteststore.com/\");\ncy.get(\"a[href$='contact']\").click().then(function (linkText) {\n  cy.log(\"Clicked on link using text: \" + linkText.text());\n}); //cy.xpath(\"//a[contains(@href, 'contact')]\").click();\n// and use that user variable to fill the form\ncy.get(\"@user\").then(user => {\n  cy.get('#ContactUsFrm_first_name').type(user.first_Name);\n  cy.get('#ContactUsFrm_email').type(user.email);\n});\ncy.get('#ContactUsFrm_email').should('have.attr', 'name', 'email');\ncy.get('#ContactUsFrm_enquiry').type(\"Do you provide additional discount on bulk orders?\");\ncy.get(\"button[title='Submit']\").click();\ncy.get('.mb40 > :nth-child(3)').should('have.text', 'Your enquiry has been successfully sent to the store owner!');\ncy.log(\"Test has completed!\");",
              "err": {},
              "uuid": "76c63955-79e9-485a-9358-b8e2bde87e95",
              "parentUUID": "e51b22b3-1b74-4fc8-bffb-152ab0ee1a57",
              "isHook": false,
              "skipped": false
            }
          ],
          "suites": [],
          "passes": [
            "76c63955-79e9-485a-9358-b8e2bde87e95"
          ],
          "failures": [],
          "pending": [],
          "skipped": [],
          "duration": 9191,
          "root": false,
          "rootEmpty": false,
          "_timeout": 2000
        }
      ],
      "passes": [],
      "failures": [],
      "pending": [],
      "skipped": [],
      "duration": 0,
      "root": true,
      "rootEmpty": true,
      "_timeout": 2000
    },
    {
      "uuid": "9f247d41-5c94-4d89-a100-55563f0b5d8d",
      "title": "",
      "fullFile": "cypress/integration/webdriver-uni/data-table.js",
      "file": "cypress/integration/webdriver-uni/data-table.js",
      "beforeHooks": [],
      "afterHooks": [],
      "tests": [],
      "suites": [
        {
          "uuid": "9f613bfc-ec4a-44b2-8afa-09bb25c6cb8a",
          "title": "Handling data via webdriveruni",
          "fullFile": "",
          "file": "",
          "beforeHooks": [],
          "afterHooks": [],
          "tests": [
            {
              "title": "Calculate and assert total age of all users",
              "fullTitle": "Handling data via webdriveruni Calculate and assert total age of all users",
              "timedOut": null,
              "duration": 2384,
              "state": "passed",
              "speed": "slow",
              "pass": true,
              "fail": false,
              "pending": false,
              "context": null,
              "code": "var userDetails = [];\nlet numb = 0; //this will find all the rows in the table and store it in a variable called el\ncy.get('#thumbnail-1 td').each(($el, index, $list) => {\n  //during the iteration  will store the index number to the array \n  // and the value of the index will be the text of the element\n  userDetails[index] = $el.text();\n}).then(() => {\n  var i; //this Number method  will get all the numbers from the array and assign it to the variable numb \n  for (i = 0; i < userDetails.length; i++) {\n    if (Number(userDetails[i])) {\n      numb += Number(userDetails[i]);\n    }\n  }\n  cy.log(\"Found total age:\" + numb);\n  expect(numb).to.eq(322);\n});",
              "err": {},
              "uuid": "8c8ab254-cdb4-40ba-a73a-8a4016845eb5",
              "parentUUID": "9f613bfc-ec4a-44b2-8afa-09bb25c6cb8a",
              "isHook": false,
              "skipped": false
            },
            {
              "title": "Calculate and assert the age of a given user based on last name ",
              "fullTitle": "Handling data via webdriveruni Calculate and assert the age of a given user based on last name ",
              "timedOut": null,
              "duration": 792,
              "state": "passed",
              "speed": "slow",
              "pass": true,
              "fail": false,
              "pending": false,
              "context": null,
              "code": "// this will get all the element inside Smith row and store it in a variable called el\ncy.get(' #thumbnail-1 tr td:nth-child(2)').each(($el, index, $list) => {\n  const text = $el.text(); //conditon for  Woods   name from the table during each iteration\n  if (text.includes(\"Woods\")) {\n    //when iteration locates the element include Woods it will move next to it and get the next element\n    //and store it in a variable called userAge\n    //function(age) will get the age from next() element\n    // then store it in a variable called userAge\n    cy.get('#thumbnail-1 tr td:nth-child(2)').eq(index).next().then(function (age) {\n      const userAge = age.text();\n      expect(userAge).to.equal(\"80\");\n    });\n  }\n});",
              "err": {},
              "uuid": "b1a6228b-e13b-4dd7-bb14-856eba9bacd1",
              "parentUUID": "9f613bfc-ec4a-44b2-8afa-09bb25c6cb8a",
              "isHook": false,
              "skipped": false
            }
          ],
          "suites": [],
          "passes": [
            "8c8ab254-cdb4-40ba-a73a-8a4016845eb5",
            "b1a6228b-e13b-4dd7-bb14-856eba9bacd1"
          ],
          "failures": [],
          "pending": [],
          "skipped": [],
          "duration": 3176,
          "root": false,
          "rootEmpty": false,
          "_timeout": 2000
        }
      ],
      "passes": [],
      "failures": [],
      "pending": [],
      "skipped": [],
      "duration": 0,
      "root": true,
      "rootEmpty": true,
      "_timeout": 2000
    },
    {
      "uuid": "54274afc-834c-4bb7-8fdb-6725cbb24b5d",
      "title": "",
      "fullFile": "cypress/integration/webdriver-uni/datepickr.js",
      "file": "cypress/integration/webdriver-uni/datepickr.js",
      "beforeHooks": [],
      "afterHooks": [],
      "tests": [],
      "suites": [
        {
          "uuid": "5b94a795-68f3-4c8c-b8f1-d182289a6f0f",
          "title": "Test Datepicker via webdriveruni",
          "fullFile": "",
          "file": "",
          "beforeHooks": [],
          "afterHooks": [],
          "tests": [
            {
              "title": "Select date from the datepicker",
              "fullTitle": "Test Datepicker via webdriveruni Select date from the datepicker",
              "timedOut": null,
              "duration": 9261,
              "state": "passed",
              "speed": "slow",
              "pass": true,
              "fail": false,
              "pending": false,
              "context": null,
              "code": "// let date = new Date();\n// date.setDate(date.getDate());\n// cy.log(date.getDate()) // get current date i.e. 22\n// let date1 = new Date();\n// date1.setDate(date1.getDate() + 5 )\n// cy.log(date1.getDate()) // get current date i.e. 22 + 5 = 27\n// we create an object of date class and assign it to a variable called date\nvar date = new Date();\n/*\nbased on the added day to the current date  our logic will work accordingly\nbasically we create  new date which is 325 days more than current date and compare it \nto current date \n*/\ndate.setDate(date.getDate() + 360); //this will select the year\nvar futureYear = date.getFullYear(); //this will select the month\nvar futureMonth = date.toLocaleString(\"default\", {\n  month: \"long\"\n}); //this will select the day\nvar futureDay = date.getDate();\ncy.log(\"Future year to select: \" + futureYear);\ncy.log(\"Future month to select: \" + futureMonth);\ncy.log(\"Future day to select: \" + futureDay);\nfunction selectMonthandYear() {\n  // this will select the month and year from the datepicker at the first option\n  //and assign it to a variable called currentDate \n  cy.get('.datepicker-dropdown').find('.datepicker-switch').first().then(currentDate => {\n    // it will compare the 2 date variable and if they are not equal \n    //it will go to the next element\n    if (!currentDate.text().includes(futureYear)) {\n      cy.get('.next').first().click(); //this will call our function and it will iterate till finding\n      // correct condition of year \n      selectMonthandYear();\n    }\n  }).then(() => {\n    cy.get('.datepicker-dropdown').find('.datepicker-switch').first().then(currentDate => {\n      // based on the condition it will check the month and iterate till finding\n      if (!currentDate.text().includes(futureMonth)) {\n        cy.get('.next').first().click();\n        selectMonthandYear();\n      }\n    });\n  });\n}\nfunction selectFutureDay() {\n  // this will get all the date body and search for the future day variable \n  // that we created above\n  cy.get('[class=\"day\"]').contains(futureDay).click();\n} //we call the function outside the function  block\n\nselectMonthandYear();\nselectFutureDay();",
              "err": {},
              "uuid": "4d6675c2-0f11-4567-b552-115a7d92d445",
              "parentUUID": "5b94a795-68f3-4c8c-b8f1-d182289a6f0f",
              "isHook": false,
              "skipped": false
            }
          ],
          "suites": [],
          "passes": [
            "4d6675c2-0f11-4567-b552-115a7d92d445"
          ],
          "failures": [],
          "pending": [],
          "skipped": [],
          "duration": 9261,
          "root": false,
          "rootEmpty": false,
          "_timeout": 2000
        }
      ],
      "passes": [],
      "failures": [],
      "pending": [],
      "skipped": [],
      "duration": 0,
      "root": true,
      "rootEmpty": true,
      "_timeout": 2000
    },
    {
      "uuid": "d7a3e6be-4e25-4faa-81d6-87661a38fdb2",
      "title": "",
      "fullFile": "cypress/integration/webdriver-uni/file-upload.js",
      "file": "cypress/integration/webdriver-uni/file-upload.js",
      "beforeHooks": [],
      "afterHooks": [],
      "tests": [],
      "suites": [
        {
          "uuid": "7d69a7ce-f814-4824-ba1c-577f6fbb255f",
          "title": "Test File Upload via webdriveruni",
          "fullFile": "",
          "file": "",
          "beforeHooks": [],
          "afterHooks": [],
          "tests": [
            {
              "title": "Upload afile ....",
              "fullTitle": "Test File Upload via webdriveruni Upload afile ....",
              "timedOut": null,
              "duration": 2290,
              "state": "passed",
              "speed": "slow",
              "pass": true,
              "fail": false,
              "pending": false,
              "context": null,
              "code": "cy.visit(\"https://webdriveruniversity.com\");\ncy.get('#file-upload').invoke('removeAttr', 'target').click({\n  force: true\n});\ncy.fixture(\"Deniz.jpg\", \"base64\").then(fileContent => {\n  cy.get(\"#myFile\").attachFile({\n    fileContent,\n    fileName: \"Deniz.jpg\",\n    // optional, will default to \"image.jpg\"    \n    mimeType: \"image/jpeg\" // optional, will default to \"image/png\"\n  }, {\n    uploadType: \"input\"\n  });\n});\ncy.get('#submit-button').click(); //npm install --save-dev cypress-file-upload => to install the plugin",
              "err": {},
              "uuid": "bc63c391-d0fe-4a16-b08c-635f2f70dfac",
              "parentUUID": "7d69a7ce-f814-4824-ba1c-577f6fbb255f",
              "isHook": false,
              "skipped": false
            },
            {
              "title": "Upload no  file ....",
              "fullTitle": "Test File Upload via webdriveruni Upload no  file ....",
              "timedOut": null,
              "duration": 866,
              "state": "passed",
              "speed": "slow",
              "pass": true,
              "fail": false,
              "pending": false,
              "context": null,
              "code": "cy.visit(\"https://webdriveruniversity.com\");\ncy.get('#file-upload').invoke('removeAttr', 'target').click({\n  force: true\n});\ncy.get('#submit-button').click(); //npm install --save-dev cypress-file-upload => to install the plugin",
              "err": {},
              "uuid": "e847aa35-4301-4eb0-85ea-0f766737e403",
              "parentUUID": "7d69a7ce-f814-4824-ba1c-577f6fbb255f",
              "isHook": false,
              "skipped": false
            }
          ],
          "suites": [],
          "passes": [
            "bc63c391-d0fe-4a16-b08c-635f2f70dfac",
            "e847aa35-4301-4eb0-85ea-0f766737e403"
          ],
          "failures": [],
          "pending": [],
          "skipped": [],
          "duration": 3156,
          "root": false,
          "rootEmpty": false,
          "_timeout": 2000
        }
      ],
      "passes": [],
      "failures": [],
      "pending": [],
      "skipped": [],
      "duration": 0,
      "root": true,
      "rootEmpty": true,
      "_timeout": 2000
    },
    {
      "uuid": "8df45915-82a5-48d0-82a5-7d48eadef709",
      "title": "",
      "fullFile": "cypress/integration/webdriver-uni/iframe.js",
      "file": "cypress/integration/webdriver-uni/iframe.js",
      "beforeHooks": [],
      "afterHooks": [],
      "tests": [],
      "suites": [
        {
          "uuid": "973f9286-f46a-4898-9e20-bd059a365b00",
          "title": "Handling IFrames & Modals",
          "fullFile": "",
          "file": "",
          "beforeHooks": [],
          "afterHooks": [],
          "tests": [
            {
              "title": "Handle webdriveruni iframe and modal",
              "fullTitle": "Handling IFrames & Modals Handle webdriveruni iframe and modal",
              "timedOut": null,
              "duration": 2509,
              "state": "passed",
              "speed": "slow",
              "pass": true,
              "fail": false,
              "pending": false,
              "context": null,
              "code": "cy.visit(\"https://webdriveruniversity.com\");\ncy.get('#iframe').invoke('removeAttr', 'target').click({\n  force: true\n});\ncy.get('#frame').then($iframe => {\n  //grab the contents of iframe from the body  and store it in a variable $iframe\n  const body = $iframe.contents().find('body'); // cy.wrap() is used to wrap the body variable into a iframe variable \n  cy.wrap(body).as('iframe'); // we are  inside the iframe now and click on the button\n  cy.get('@iframe').find('#button-find-out-more').click();\n  cy.get('@iframe').find('#myModal').as('modal'); // get the text of the open window inside the alert and verify it is equal to the text we are expecting\n  cy.get('@modal').should($expectedText => {\n    //assign the text to text variable\n    const text = $expectedText.text(); // and make assertion\n    expect(text).to.include('Welcome to webdriveruniversity.com we sell');\n  });\n  cy.get('@modal').contains('Close').click();\n});",
              "err": {},
              "uuid": "c3d528ba-709c-43a6-8e0c-982ad2045e73",
              "parentUUID": "973f9286-f46a-4898-9e20-bd059a365b00",
              "isHook": false,
              "skipped": false
            }
          ],
          "suites": [],
          "passes": [
            "c3d528ba-709c-43a6-8e0c-982ad2045e73"
          ],
          "failures": [],
          "pending": [],
          "skipped": [],
          "duration": 2509,
          "root": false,
          "rootEmpty": false,
          "_timeout": 2000
        }
      ],
      "passes": [],
      "failures": [],
      "pending": [],
      "skipped": [],
      "duration": 0,
      "root": true,
      "rootEmpty": true,
      "_timeout": 2000
    },
    {
      "uuid": "e24f60fb-6ef4-4df0-8706-5510bad184db",
      "title": "",
      "fullFile": "cypress/integration/webdriver-uni/js-alert.js",
      "file": "cypress/integration/webdriver-uni/js-alert.js",
      "beforeHooks": [],
      "afterHooks": [],
      "tests": [],
      "suites": [
        {
          "uuid": "7a03c70e-f724-408b-888d-e5220fdbe09d",
          "title": "Handle js alerts",
          "fullFile": "",
          "file": "",
          "beforeHooks": [],
          "afterHooks": [],
          "tests": [
            {
              "title": "Validate js confirm alert using a stub",
              "fullTitle": "Handle js alerts Validate js confirm alert using a stub",
              "timedOut": null,
              "duration": 1570,
              "state": "passed",
              "speed": "slow",
              "pass": true,
              "fail": false,
              "pending": false,
              "context": null,
              "code": "cy.visit(\"https://webdriveruniversity.com\");\ncy.get('#popup-alerts').invoke('removeAttr', 'target').click({\n  force: true\n});\nconst stub = cy.stub();\ncy.on('window:confirm', stub);\ncy.get('#button4').click().then(() => {\n  //stub will get all the messagees inside the alert and based on the getCall(0) index\n  // it will return the message we want to capture and verify to.be .calledWith method\n  expect(stub.getCall(0)).to.be.calledWith('Press a button!');\n}).then(() => {\n  return true;\n}).then(() => {\n  cy.get('#confirm-alert-text').contains('You pressed OK!');\n});",
              "err": {},
              "uuid": "8fb99843-df68-49fa-b471-ce29b68a846c",
              "parentUUID": "7a03c70e-f724-408b-888d-e5220fdbe09d",
              "isHook": false,
              "skipped": false
            }
          ],
          "suites": [],
          "passes": [
            "8fb99843-df68-49fa-b471-ce29b68a846c"
          ],
          "failures": [],
          "pending": [],
          "skipped": [],
          "duration": 1570,
          "root": false,
          "rootEmpty": false,
          "_timeout": 2000
        }
      ],
      "passes": [],
      "failures": [],
      "pending": [],
      "skipped": [],
      "duration": 0,
      "root": true,
      "rootEmpty": true,
      "_timeout": 2000
    },
    {
      "uuid": "3aa5245f-3be9-4790-8a2d-7431a40a557c",
      "title": "",
      "fullFile": "cypress/integration/webdriver-uni/mouse-action.js",
      "file": "cypress/integration/webdriver-uni/mouse-action.js",
      "beforeHooks": [],
      "afterHooks": [],
      "tests": [],
      "suites": [
        {
          "uuid": "96499fb5-ce66-41ed-9a21-9e1eda7e8183",
          "title": "Test maouse actions",
          "fullFile": "",
          "file": "",
          "beforeHooks": [],
          "afterHooks": [],
          "tests": [
            {
              "title": "I should be able to hold down the left mouse click button on a given element ",
              "fullTitle": "Test maouse actions I should be able to hold down the left mouse click button on a given element ",
              "timedOut": null,
              "duration": 1778,
              "state": "passed",
              "speed": "slow",
              "pass": true,
              "fail": false,
              "pending": false,
              "context": null,
              "code": "cy.visit(\"http://www.webdriveruniversity.com\");\ncy.get('#actions').scrollIntoView().invoke('removeAttr', 'target').click({\n  force: true\n});\ncy.get('#click-box').trigger('mousedown', {\n  which: 1\n}).then($element => {\n  // this will check the css formt of element from style attribute inside DOM and assert it\n  cy.expect($element).to.have.css('background-color', 'rgb(0, 255, 0)');\n});",
              "err": {},
              "uuid": "8e963d69-c102-4f6b-91ae-11e4f833fc62",
              "parentUUID": "96499fb5-ce66-41ed-9a21-9e1eda7e8183",
              "isHook": false,
              "skipped": false
            }
          ],
          "suites": [],
          "passes": [
            "8e963d69-c102-4f6b-91ae-11e4f833fc62"
          ],
          "failures": [],
          "pending": [],
          "skipped": [],
          "duration": 1778,
          "root": false,
          "rootEmpty": false,
          "_timeout": 2000
        }
      ],
      "passes": [],
      "failures": [],
      "pending": [],
      "skipped": [],
      "duration": 0,
      "root": true,
      "rootEmpty": true,
      "_timeout": 2000
    },
    {
      "uuid": "6dbfff67-a133-49d2-a301-ce65111ffbe8",
      "title": "",
      "fullFile": "cypress/integration/webdriver-uni/radiobutton.js",
      "file": "cypress/integration/webdriver-uni/radiobutton.js",
      "beforeHooks": [],
      "afterHooks": [],
      "tests": [],
      "suites": [
        {
          "uuid": "ccf3ba9e-818d-40e9-9f4e-e1825d5db706",
          "title": "Verify radiobuttons via webdriveruni",
          "fullFile": "",
          "file": "",
          "beforeHooks": [],
          "afterHooks": [],
          "tests": [
            {
              "title": "Validate the specific state of radio buttons",
              "fullTitle": "Verify radiobuttons via webdriveruni Validate the specific state of radio buttons",
              "timedOut": null,
              "duration": 1633,
              "state": "passed",
              "speed": "slow",
              "pass": true,
              "fail": false,
              "pending": false,
              "context": null,
              "code": "cy.get(\"[value='lettuce']\").should('not.be.checked');\ncy.get(\"[value='pumpkin']\").should('be.checked');\ncy.get(\"[value='lettuce']\").check();\ncy.get(\"[value='lettuce']\").should('be.checked');\ncy.get(\"[value='pumpkin']\").should('not.be.checked');\ncy.get(\"[value='cabbage']\").should('be.disabled');",
              "err": {},
              "uuid": "1f49c8b9-e1f2-4175-af45-1d5a4ac3f519",
              "parentUUID": "ccf3ba9e-818d-40e9-9f4e-e1825d5db706",
              "isHook": false,
              "skipped": false
            }
          ],
          "suites": [],
          "passes": [
            "1f49c8b9-e1f2-4175-af45-1d5a4ac3f519"
          ],
          "failures": [],
          "pending": [],
          "skipped": [],
          "duration": 1633,
          "root": false,
          "rootEmpty": false,
          "_timeout": 2000
        }
      ],
      "passes": [],
      "failures": [],
      "pending": [],
      "skipped": [],
      "duration": 0,
      "root": true,
      "rootEmpty": true,
      "_timeout": 2000
    },
    {
      "uuid": "fdc9b6a5-6af3-4a19-93ae-6f0b3dc61901",
      "title": "",
      "fullFile": "cypress/integration/webdriver-uni/select-dropdown-list.js",
      "file": "cypress/integration/webdriver-uni/select-dropdown-list.js",
      "beforeHooks": [],
      "afterHooks": [],
      "tests": [],
      "suites": [
        {
          "uuid": "17fdd1c0-b7b4-499f-b53b-64e38ae2b3e9",
          "title": "Interact with dropdown lists via webdriveruni",
          "fullFile": "",
          "file": "",
          "beforeHooks": [],
          "afterHooks": [],
          "tests": [
            {
              "title": "Select specific values via select dropdown list ",
              "fullTitle": "Interact with dropdown lists via webdriveruni Select specific values via select dropdown list ",
              "timedOut": null,
              "duration": 1834,
              "state": "passed",
              "speed": "slow",
              "pass": true,
              "fail": false,
              "pending": false,
              "context": null,
              "code": "cy.visit(\"https://webdriveruniversity.com\");\ncy.get('#dropdown-checkboxes-radiobuttons').invoke('removeAttr', 'target').click({\n  force: true\n}); //cy.get('#dropdowm-menu-1').select('c#')\n// cy.get('#dropdowm-menu-2').select('testng').should('have.value', 'testng')\n// //cy.get('#dropdowm-menu-3').select('javascript')\n// //select based on tex option in DOM \n// cy.get('#dropdowm-menu-3').select('JQuery').contains('JQuery') \n//asserting the value of dropdown list\ncy.get('#dropdowm-menu-2').select('maven').should('have.value', 'maven'); //asserting the text of dropdown list\ncy.get('#dropdowm-menu-2').select('TestNG').contains('TestNG');",
              "err": {},
              "uuid": "ed6f583e-2514-486a-81c7-e29cdde81b84",
              "parentUUID": "17fdd1c0-b7b4-499f-b53b-64e38ae2b3e9",
              "isHook": false,
              "skipped": false
            }
          ],
          "suites": [],
          "passes": [
            "ed6f583e-2514-486a-81c7-e29cdde81b84"
          ],
          "failures": [],
          "pending": [],
          "skipped": [],
          "duration": 1834,
          "root": false,
          "rootEmpty": false,
          "_timeout": 2000
        }
      ],
      "passes": [],
      "failures": [],
      "pending": [],
      "skipped": [],
      "duration": 0,
      "root": true,
      "rootEmpty": true,
      "_timeout": 2000
    },
    {
      "uuid": "915676bc-f324-414f-9407-ddd04fcb588f",
      "title": "",
      "fullFile": "cypress/integration/webdriver-uni/Selector.js",
      "file": "cypress/integration/webdriver-uni/Selector.js",
      "beforeHooks": [],
      "afterHooks": [],
      "tests": [],
      "suites": [
        {
          "uuid": "cf4e125b-43db-4c42-9cad-102ee1e5e930",
          "title": "Selector examples",
          "fullFile": "",
          "file": "",
          "beforeHooks": [],
          "afterHooks": [],
          "tests": [
            {
              "title": "Examples of Selectors via WebdriverUni Contact Us Page",
              "fullTitle": "Selector examples Examples of Selectors via WebdriverUni Contact Us Page",
              "timedOut": null,
              "duration": 672,
              "state": "passed",
              "speed": "slow",
              "pass": true,
              "fail": false,
              "pending": false,
              "context": null,
              "code": "cy.visit(\"http://www.webdriveruniversity.com/Contact-Us/contactus.html\"); //By tag name\ncy.get(\"input\"); //By attribute name and value\ncy.get(\"input[name='first_name']\"); //By id\ncy.get(\"#contact_me\"); //By class\ncy.get(\".feedback-input\"); //By multiple classes\ncy.get(\"[class='navbar navbar-inverse navbar-fixed-top']\"); //By two different attributes\ncy.get(\"[name='email'][placeholder='Email Address']\"); //Ву хрath\ncy.xpath(\"//input[@name='first_name']\");",
              "err": {},
              "uuid": "ca2cc8f3-e95e-4154-8837-d2ed303863f1",
              "parentUUID": "cf4e125b-43db-4c42-9cad-102ee1e5e930",
              "isHook": false,
              "skipped": false
            }
          ],
          "suites": [],
          "passes": [
            "ca2cc8f3-e95e-4154-8837-d2ed303863f1"
          ],
          "failures": [],
          "pending": [],
          "skipped": [],
          "duration": 672,
          "root": false,
          "rootEmpty": false,
          "_timeout": 2000
        }
      ],
      "passes": [],
      "failures": [],
      "pending": [],
      "skipped": [],
      "duration": 0,
      "root": true,
      "rootEmpty": true,
      "_timeout": 2000
    },
    {
      "uuid": "520be123-6721-4924-9fe1-ec1708503e8d",
      "title": "",
      "fullFile": "cypress/integration/webdriver-uni/traversing-elements.js",
      "file": "cypress/integration/webdriver-uni/traversing-elements.js",
      "beforeHooks": [],
      "afterHooks": [],
      "tests": [],
      "suites": [
        {
          "uuid": "5cd993cd-7f0b-4d09-837d-7e6b4c659ddf",
          "title": "Traversing DOM elements in Cypress",
          "fullFile": "",
          "file": "",
          "beforeHooks": [],
          "afterHooks": [],
          "tests": [
            {
              "title": "children() to get the children of DOM elements",
              "fullTitle": "Traversing DOM elements in Cypress children() to get the children of DOM elements",
              "timedOut": null,
              "duration": 2144,
              "state": "passed",
              "speed": "slow",
              "pass": true,
              "fail": false,
              "pending": false,
              "context": null,
              "code": "cy.get('.traversal-breadcrumb').children('.active').should(\"contain\", \"Contact Us\");",
              "err": {},
              "uuid": "8e951f02-d727-4708-bfae-cc6ae1eed42f",
              "parentUUID": "5cd993cd-7f0b-4d09-837d-7e6b4c659ddf",
              "isHook": false,
              "skipped": false
            },
            {
              "title": "closest() to validate the closest ancestor DOM element",
              "fullTitle": "Traversing DOM elements in Cypress closest() to validate the closest ancestor DOM element",
              "timedOut": null,
              "duration": 611,
              "state": "passed",
              "speed": "slow",
              "pass": true,
              "fail": false,
              "pending": false,
              "context": null,
              "code": "cy.get('.traversal-badge').closest('ul').should('have.class', 'list-group');",
              "err": {},
              "uuid": "99d04a90-7045-4ad7-9ca3-a49f73d950de",
              "parentUUID": "5cd993cd-7f0b-4d09-837d-7e6b4c659ddf",
              "isHook": false,
              "skipped": false
            },
            {
              "title": "eq() to retrieve a specific element based on index",
              "fullTitle": "Traversing DOM elements in Cypress eq() to retrieve a specific element based on index",
              "timedOut": null,
              "duration": 611,
              "state": "passed",
              "speed": "slow",
              "pass": true,
              "fail": false,
              "pending": false,
              "context": null,
              "code": "//This class(.traversal-drinks-list > *) locator will get the all the lement inside the list \ncy.get('.traversal-drinks-list > *').eq(0).should('contain', 'Coffee');",
              "err": {},
              "uuid": "38819f9e-aaaa-4e10-97ea-1de018a2eed2",
              "parentUUID": "5cd993cd-7f0b-4d09-837d-7e6b4c659ddf",
              "isHook": false,
              "skipped": false
            },
            {
              "title": "filter() to retrieve DOM elements that match a specific selector",
              "fullTitle": "Traversing DOM elements in Cypress filter() to retrieve DOM elements that match a specific selector",
              "timedOut": null,
              "duration": 625,
              "state": "passed",
              "speed": "slow",
              "pass": true,
              "fail": false,
              "pending": false,
              "context": null,
              "code": "cy.get('.btn-group-toggle >*').filter('.active').should('contain', 'Button-1');",
              "err": {},
              "uuid": "1fb9a6eb-0915-46bc-9e95-516accdca881",
              "parentUUID": "5cd993cd-7f0b-4d09-837d-7e6b4c659ddf",
              "isHook": false,
              "skipped": false
            },
            {
              "title": "find() to retrieve DOM elements of a given selector",
              "fullTitle": "Traversing DOM elements in Cypress find() to retrieve DOM elements of a given selector",
              "timedOut": null,
              "duration": 750,
              "state": "passed",
              "speed": "slow",
              "pass": true,
              "fail": false,
              "pending": false,
              "context": null,
              "code": "cy.get('.traversal-pagination').find('li').find('a').should('have.length', 7);",
              "err": {},
              "uuid": "58a679b0-d49b-41c6-bfdd-4487571aa6c9",
              "parentUUID": "5cd993cd-7f0b-4d09-837d-7e6b4c659ddf",
              "isHook": false,
              "skipped": false
            },
            {
              "title": "first() to retrieve the first DOM element within elements ",
              "fullTitle": "Traversing DOM elements in Cypress first() to retrieve the first DOM element within elements ",
              "timedOut": null,
              "duration": 747,
              "state": "passed",
              "speed": "slow",
              "pass": true,
              "fail": false,
              "pending": false,
              "context": null,
              "code": "cy.get('.traversal-table >tbody > tr >td').first().should('contain', 'Andy');",
              "err": {},
              "uuid": "caab9db2-8fbc-4af0-a08f-df590f651f01",
              "parentUUID": "5cd993cd-7f0b-4d09-837d-7e6b4c659ddf",
              "isHook": false,
              "skipped": false
            },
            {
              "title": "last() to retrieve the last DOM element within elements",
              "fullTitle": "Traversing DOM elements in Cypress last() to retrieve the last DOM element within elements",
              "timedOut": null,
              "duration": 694,
              "state": "passed",
              "speed": "slow",
              "pass": true,
              "fail": false,
              "pending": false,
              "context": null,
              "code": "cy.get('.traversal-table >tbody > tr >td').last().should('contain', 'Scott');",
              "err": {},
              "uuid": "e3ee709f-4dbf-485d-897b-3450d87cde5d",
              "parentUUID": "5cd993cd-7f0b-4d09-837d-7e6b4c659ddf",
              "isHook": false,
              "skipped": false
            },
            {
              "title": "nextAll() to get all of the next sibling DOM elements within elements",
              "fullTitle": "Traversing DOM elements in Cypress nextAll() to get all of the next sibling DOM elements within elements",
              "timedOut": null,
              "duration": 597,
              "state": "passed",
              "speed": "slow",
              "pass": true,
              "fail": false,
              "pending": false,
              "context": null,
              "code": "cy.get('.traversal-drinks-list').contains('Tea').nextAll().should('have.length', '3');",
              "err": {},
              "uuid": "3bba6fc1-3ccc-4763-9fa4-f549fda0ea92",
              "parentUUID": "5cd993cd-7f0b-4d09-837d-7e6b4c659ddf",
              "isHook": false,
              "skipped": false
            },
            {
              "title": "nextUntil() to get all of the next sibling DOM elements within elements until another element",
              "fullTitle": "Traversing DOM elements in Cypress nextUntil() to get all of the next sibling DOM elements within elements until another element",
              "timedOut": null,
              "duration": 850,
              "state": "passed",
              "speed": "slow",
              "pass": true,
              "fail": false,
              "pending": false,
              "context": null,
              "code": "cy.get('#coffee').nextUntil('#milk');",
              "err": {},
              "uuid": "1eb5b8f9-2d1e-4fd3-b4fb-56e6e56b91c0",
              "parentUUID": "5cd993cd-7f0b-4d09-837d-7e6b4c659ddf",
              "isHook": false,
              "skipped": false
            },
            {
              "title": "not() to remove DOM element(s) from the set of elements",
              "fullTitle": "Traversing DOM elements in Cypress not() to remove DOM element(s) from the set of elements",
              "timedOut": null,
              "duration": 731,
              "state": "passed",
              "speed": "slow",
              "pass": true,
              "fail": false,
              "pending": false,
              "context": null,
              "code": "cy.get('.traversal-button-states > button').not('.disabled').should('not.have.class', 'disabled');",
              "err": {},
              "uuid": "80eaceef-83e3-4e85-92d3-189411add82f",
              "parentUUID": "5cd993cd-7f0b-4d09-837d-7e6b4c659ddf",
              "isHook": false,
              "skipped": false
            },
            {
              "title": "parent() To get parent DOM element of elements",
              "fullTitle": "Traversing DOM elements in Cypress parent() To get parent DOM element of elements",
              "timedOut": null,
              "duration": 705,
              "state": "passed",
              "speed": "slow",
              "pass": true,
              "fail": false,
              "pending": false,
              "context": null,
              "code": "cy.get('.traversal-mark').parent().should('contain', 'Lorem ipsum dolor sit amet');",
              "err": {},
              "uuid": "e9e807c1-df9d-484e-9fc2-4c6f95c28bd9",
              "parentUUID": "5cd993cd-7f0b-4d09-837d-7e6b4c659ddf",
              "isHook": false,
              "skipped": false
            },
            {
              "title": "parents() to get parents DOM element of elements",
              "fullTitle": "Traversing DOM elements in Cypress parents() to get parents DOM element of elements",
              "timedOut": null,
              "duration": 652,
              "state": "passed",
              "speed": "slow",
              "pass": true,
              "fail": false,
              "pending": false,
              "context": null,
              "code": "cy.get('.traversal-cite').parents().should('match', 'blockquote');",
              "err": {},
              "uuid": "bb2af550-e05f-4ce1-b2c5-e324630e458f",
              "parentUUID": "5cd993cd-7f0b-4d09-837d-7e6b4c659ddf",
              "isHook": false,
              "skipped": false
            },
            {
              "title": "prev() to get the previous sibling DOM element within elements",
              "fullTitle": "Traversing DOM elements in Cypress prev() to get the previous sibling DOM element within elements",
              "timedOut": null,
              "duration": 608,
              "state": "passed",
              "speed": "slow",
              "pass": true,
              "fail": false,
              "pending": false,
              "context": null,
              "code": "cy.get('#sugar').prev().should('contain', 'Espresso');",
              "err": {},
              "uuid": "11d90fe3-e8e0-457b-9223-663d40ffe44c",
              "parentUUID": "5cd993cd-7f0b-4d09-837d-7e6b4c659ddf",
              "isHook": false,
              "skipped": false
            },
            {
              "title": "prevAll() to get all previous sibling DOM elements within elements",
              "fullTitle": "Traversing DOM elements in Cypress prevAll() to get all previous sibling DOM elements within elements",
              "timedOut": null,
              "duration": 843,
              "state": "passed",
              "speed": "slow",
              "pass": true,
              "fail": false,
              "pending": false,
              "context": null,
              "code": "cy.get('.sales').prevAll().should('have.length', '2');",
              "err": {},
              "uuid": "89a4902b-c824-4a1f-8d4d-ec772633e2fc",
              "parentUUID": "5cd993cd-7f0b-4d09-837d-7e6b4c659ddf",
              "isHook": false,
              "skipped": false
            },
            {
              "title": "prevUntil() to get all previous sibling DOM elements within elements until other element",
              "fullTitle": "Traversing DOM elements in Cypress prevUntil() to get all previous sibling DOM elements within elements until other element",
              "timedOut": null,
              "duration": 641,
              "state": "passed",
              "speed": "slow",
              "pass": true,
              "fail": false,
              "pending": false,
              "context": null,
              "code": "cy.get('#veggie').prevUntil('#fruits').should('have.length', '5');",
              "err": {},
              "uuid": "ad40b451-99cd-46da-bdd1-3e0fa4ab74d0",
              "parentUUID": "5cd993cd-7f0b-4d09-837d-7e6b4c659ddf",
              "isHook": false,
              "skipped": false
            },
            {
              "title": "siblings() To get all sibling DOM elements of elements",
              "fullTitle": "Traversing DOM elements in Cypress siblings() To get all sibling DOM elements of elements",
              "timedOut": null,
              "duration": 588,
              "state": "passed",
              "speed": "slow",
              "pass": true,
              "fail": false,
              "pending": false,
              "context": null,
              "code": "cy.get('.traversal-button-other-states .active').siblings().should('have.length', '3');",
              "err": {},
              "uuid": "a71c68ba-4d22-4b56-ac70-85dac335c268",
              "parentUUID": "5cd993cd-7f0b-4d09-837d-7e6b4c659ddf",
              "isHook": false,
              "skipped": false
            }
          ],
          "suites": [],
          "passes": [
            "8e951f02-d727-4708-bfae-cc6ae1eed42f",
            "99d04a90-7045-4ad7-9ca3-a49f73d950de",
            "38819f9e-aaaa-4e10-97ea-1de018a2eed2",
            "1fb9a6eb-0915-46bc-9e95-516accdca881",
            "58a679b0-d49b-41c6-bfdd-4487571aa6c9",
            "caab9db2-8fbc-4af0-a08f-df590f651f01",
            "e3ee709f-4dbf-485d-897b-3450d87cde5d",
            "3bba6fc1-3ccc-4763-9fa4-f549fda0ea92",
            "1eb5b8f9-2d1e-4fd3-b4fb-56e6e56b91c0",
            "80eaceef-83e3-4e85-92d3-189411add82f",
            "e9e807c1-df9d-484e-9fc2-4c6f95c28bd9",
            "bb2af550-e05f-4ce1-b2c5-e324630e458f",
            "11d90fe3-e8e0-457b-9223-663d40ffe44c",
            "89a4902b-c824-4a1f-8d4d-ec772633e2fc",
            "ad40b451-99cd-46da-bdd1-3e0fa4ab74d0",
            "a71c68ba-4d22-4b56-ac70-85dac335c268"
          ],
          "failures": [],
          "pending": [],
          "skipped": [],
          "duration": 12397,
          "root": false,
          "rootEmpty": false,
          "_timeout": 2000
        }
      ],
      "passes": [],
      "failures": [],
      "pending": [],
      "skipped": [],
      "duration": 0,
      "root": true,
      "rootEmpty": true,
      "_timeout": 2000
    },
    {
      "uuid": "d69cf2bf-2760-4b79-857e-0c3dba282761",
      "title": "",
      "fullFile": "cypress/integration/automation-test-store/add-multiple-items-to-basket.js",
      "file": "cypress/integration/automation-test-store/add-multiple-items-to-basket.js",
      "beforeHooks": [],
      "afterHooks": [],
      "tests": [],
      "suites": [
        {
          "uuid": "d07c41d7-ac41-479e-ab54-ebea553784fc",
          "title": "Add multiple items to basket",
          "fullFile": "",
          "file": "",
          "beforeHooks": [],
          "afterHooks": [],
          "tests": [
            {
              "title": "Log information of all hair care products",
              "fullTitle": "Add multiple items to basket Log information of all hair care products",
              "timedOut": null,
              "duration": 8547,
              "state": "passed",
              "speed": "slow",
              "pass": true,
              "fail": false,
              "pending": false,
              "context": null,
              "code": "//This will iterate through the array productName1 array inside the product.json file\n//and assign all of them  to the variable element \n// globalThis.data.productName1.forEach(function (element) {\n//     // and then we will pass it as an argument to addProductTobasket method coming from\n//     //cypress commands.js file \n//     cy.addProductToBasket(element);\n// })\n// cy.get('.dropdown-toggle > .fa').click();\n// This line sipmlifies our code with commond method which is coming from\n//AutoStore_Haircare_PO.js Page object file\nautoStore_HairCare_PO.addHairCareProductsToBasket();",
              "err": {},
              "uuid": "f524fbe2-dee7-4f8b-8f80-c561d07b2c96",
              "parentUUID": "d07c41d7-ac41-479e-ab54-ebea553784fc",
              "isHook": false,
              "skipped": false
            }
          ],
          "suites": [],
          "passes": [
            "f524fbe2-dee7-4f8b-8f80-c561d07b2c96"
          ],
          "failures": [],
          "pending": [],
          "skipped": [],
          "duration": 8547,
          "root": false,
          "rootEmpty": false,
          "_timeout": 2000
        }
      ],
      "passes": [],
      "failures": [],
      "pending": [],
      "skipped": [],
      "duration": 0,
      "root": true,
      "rootEmpty": true,
      "_timeout": 2000
    }
  ],
  "meta": {
    "mocha": {
      "version": "7.0.1"
    },
    "mochawesome": {
      "options": {
        "quiet": false,
        "reportFilename": "mochawesome",
        "saveHtml": false,
        "saveJson": true,
        "consoleReporter": "spec",
        "useInlineDiffs": false,
        "code": true
      },
      "version": "7.1.3"
    },
    "marge": {
      "options": {
        "id": "default",
        "reportDir": "cypress/results/mochawesome",
        "quite": true,
        "overwrite": false,
        "html": false,
        "json": true
      },
      "version": "6.2.0"
    }
  }
}