{
  "stats": {
    "suites": 1,
    "tests": 1,
    "passes": 1,
    "pending": 0,
    "failures": 0,
    "start": "2022-04-18T15:24:38.191Z",
    "end": "2022-04-18T15:24:50.073Z",
    "duration": 11882,
    "testsRegistered": 1,
    "passPercent": 100,
    "pendingPercent": 0,
    "other": 0,
    "hasOther": false,
    "skipped": 0,
    "hasSkipped": false
  },
  "results": [
    {
      "uuid": "7f8c3359-fc4c-481e-9743-f98ae858c75a",
      "title": "",
      "fullFile": "cypress/integration/automation-test-store/add-multiple-items-to-basket.js",
      "file": "cypress/integration/automation-test-store/add-multiple-items-to-basket.js",
      "beforeHooks": [],
      "afterHooks": [],
      "tests": [],
      "suites": [
        {
          "uuid": "10cde67c-84cd-429c-8b11-574b42d22587",
          "title": "Add multiple items to basket",
          "fullFile": "",
          "file": "",
          "beforeHooks": [],
          "afterHooks": [],
          "tests": [
            {
              "title": "Log information of all hair care products",
              "fullTitle": "Add multiple items to basket Log information of all hair care products",
              "timedOut": null,
              "duration": 8459,
              "state": "passed",
              "speed": "slow",
              "pass": true,
              "fail": false,
              "pending": false,
              "context": null,
              "code": "//This will iterate through the array productName1 array inside the product.json file\n//and assign all of them  to the variable element \n// globalThis.data.productName1.forEach(function (element) {\n//     // and then we will pass it as an argument to addProductTobasket method coming from\n//     //cypress commands.js file \n//     cy.addProductToBasket(element);\n// })\n// cy.get('.dropdown-toggle > .fa').click();\n// This line sipmlifies our code with commond method which is coming from\n//AutoStore_Haircare_PO.js Page object file\nautoStore_HairCare_PO.addHairCareProductsToBasket();",
              "err": {},
              "uuid": "0f362e56-993e-4ca6-b578-f47db84f234d",
              "parentUUID": "10cde67c-84cd-429c-8b11-574b42d22587",
              "isHook": false,
              "skipped": false
            }
          ],
          "suites": [],
          "passes": [
            "0f362e56-993e-4ca6-b578-f47db84f234d"
          ],
          "failures": [],
          "pending": [],
          "skipped": [],
          "duration": 8459,
          "root": false,
          "rootEmpty": false,
          "_timeout": 2000
        }
      ],
      "passes": [],
      "failures": [],
      "pending": [],
      "skipped": [],
      "duration": 0,
      "root": true,
      "rootEmpty": true,
      "_timeout": 2000
    }
  ],
  "meta": {
    "mocha": {
      "version": "7.0.1"
    },
    "mochawesome": {
      "options": {
        "quiet": false,
        "reportFilename": "mochawesome",
        "saveHtml": false,
        "saveJson": true,
        "consoleReporter": "spec",
        "useInlineDiffs": false,
        "code": true
      },
      "version": "7.1.3"
    },
    "marge": {
      "options": {
        "id": "default",
        "reportDir": "cypress/results/mochawesome",
        "quite": true,
        "overwrite": false,
        "html": false,
        "json": true
      },
      "version": "6.2.0"
    }
  }
}