{
  "stats": {
    "suites": 1,
    "tests": 1,
    "passes": 1,
    "pending": 0,
    "failures": 0,
    "start": "2022-04-18T15:27:24.823Z",
    "end": "2022-04-18T15:27:31.359Z",
    "duration": 6536,
    "testsRegistered": 1,
    "passPercent": 100,
    "pendingPercent": 0,
    "other": 0,
    "hasOther": false,
    "skipped": 0,
    "hasSkipped": false
  },
  "results": [
    {
      "uuid": "a75537a9-3486-4330-bac3-3c0bf3729471",
      "title": "",
      "fullFile": "cypress/integration/webdriver-uni/contact-us.js",
      "file": "cypress/integration/webdriver-uni/contact-us.js",
      "beforeHooks": [],
      "afterHooks": [],
      "tests": [],
      "suites": [
        {
          "uuid": "1f5da404-928e-49df-936c-004b045feb4a",
          "title": "Test Contact Us form via WebdriverUni",
          "fullFile": "",
          "file": "",
          "beforeHooks": [],
          "afterHooks": [],
          "tests": [
            {
              "title": "Should not be able to submit a succesfull submission via contact us form as all fiels are required",
              "fullTitle": "Test Contact Us form via WebdriverUni Should not be able to submit a succesfull submission via contact us form as all fiels are required",
              "timedOut": null,
              "duration": 4056,
              "state": "passed",
              "speed": "slow",
              "pass": true,
              "fail": false,
              "pending": false,
              "context": null,
              "code": "// only runs this test\n//cy.visit(\"https://webdriveruniversity.com/Contact-Us/contactus.html\")\ncy.visit(\"https://webdriveruniversity.com\"); //.invoke('removeAttr', 'target').click({force:true}) this code will not open a new tab\n// browser will remain in the same tab and will not open a new tab SEC:28 -97\ncy.get('#contact-us').invoke('removeAttr', 'target').click({\n  force: true\n}); //This method comes from commands.js when passing the arguments data mast be in \n//order with the method inside commands.js`\ncy.webdriverUni_ContactForm_Submission('Deniz', 'Babayaka', 'deniz@gmail.com', 'I am learning Cypress', 'h1', 'Thank You for your Message!');",
              "err": {},
              "uuid": "d322d4e2-f0ea-4043-8d7e-72458ee81c69",
              "parentUUID": "1f5da404-928e-49df-936c-004b045feb4a",
              "isHook": false,
              "skipped": false
            }
          ],
          "suites": [],
          "passes": [
            "d322d4e2-f0ea-4043-8d7e-72458ee81c69"
          ],
          "failures": [],
          "pending": [],
          "skipped": [],
          "duration": 4056,
          "root": false,
          "rootEmpty": false,
          "_timeout": 2000
        }
      ],
      "passes": [],
      "failures": [],
      "pending": [],
      "skipped": [],
      "duration": 0,
      "root": true,
      "rootEmpty": true,
      "_timeout": 2000
    }
  ],
  "meta": {
    "mocha": {
      "version": "7.0.1"
    },
    "mochawesome": {
      "options": {
        "quiet": false,
        "reportFilename": "mochawesome",
        "saveHtml": false,
        "saveJson": true,
        "consoleReporter": "spec",
        "useInlineDiffs": false,
        "code": true
      },
      "version": "7.1.3"
    },
    "marge": {
      "options": {
        "id": "default",
        "reportDir": "cypress/results/mochawesome",
        "quite": true,
        "overwrite": false,
        "html": false,
        "json": true
      },
      "version": "6.2.0"
    }
  }
}