{
  "stats": {
    "suites": 1,
    "tests": 3,
    "passes": 3,
    "pending": 0,
    "failures": 0,
    "start": "2022-04-18T15:25:49.227Z",
    "end": "2022-04-18T15:25:58.753Z",
    "duration": 9526,
    "testsRegistered": 3,
    "passPercent": 100,
    "pendingPercent": 0,
    "other": 0,
    "hasOther": false,
    "skipped": 0,
    "hasSkipped": false
  },
  "results": [
    {
      "uuid": "436994e1-21b1-4716-94be-5092d58bb4c5",
      "title": "",
      "fullFile": "cypress/integration/automation-test-store/variables-and-cy-commands.js",
      "file": "cypress/integration/automation-test-store/variables-and-cy-commands.js",
      "beforeHooks": [],
      "afterHooks": [],
      "tests": [],
      "suites": [
        {
          "uuid": "5b689e90-3cd4-4de0-b2a4-e2a41132f4da",
          "title": "Verifying variables,cypress commands and jquery commands",
          "fullFile": "",
          "file": "",
          "beforeHooks": [],
          "afterHooks": [],
          "tests": [
            {
              "title": "Navigating to specific product pages",
              "fullTitle": "Verifying variables,cypress commands and jquery commands Navigating to specific product pages",
              "timedOut": null,
              "duration": 4366,
              "state": "passed",
              "speed": "slow",
              "pass": true,
              "fail": false,
              "pending": false,
              "context": null,
              "code": "cy.visit(\"https://automationteststore.com/\"); //  const makeupLink = cy.get(\"a[href*='product/category&path=']\").contains(\"Makeup\") \n//  const skincareLink = cy.get(\"a[href*='product/category&path=']\").contains(\"Skincare\") \n//  makeupLink.click();\n//  skincareLink.click();\n//Recommendation: Use the below code to click on the links\ncy.get(\"a[href*='product/category&path=']\").contains(\"Skincare\").click();\ncy.get(\"a[href*='product/category&path=']\").contains(\"Makeup\").click();",
              "err": {},
              "uuid": "d6cffae9-3383-4be0-8ab9-4afaeb9c08b4",
              "parentUUID": "5b689e90-3cd4-4de0-b2a4-e2a41132f4da",
              "isHook": false,
              "skipped": false
            },
            {
              "title": "Navigating to specific product pages",
              "fullTitle": "Verifying variables,cypress commands and jquery commands Navigating to specific product pages",
              "timedOut": null,
              "duration": 1945,
              "state": "passed",
              "speed": "slow",
              "pass": true,
              "fail": false,
              "pending": false,
              "context": null,
              "code": "cy.visit(\"https://automationteststore.com/\");\ncy.get(\"a[href*='product/category&path=']\").contains(\"Makeup\").click(); // Following code will fail\n// const header = cy.get(\"h1 .maintext\");\n// cy.log(header.text())\n// here, then returns the text of .maintext elements and assign to headerText variable\ncy.get(\"h1 .maintext\").then($headerText => {\n  const headerText = $headerText.text();\n  cy.log(\"Found header text: \" + headerText);\n  expect(headerText).to.eq(\"Makeup\");\n});",
              "err": {},
              "uuid": "46ef4247-fc02-4805-b99f-92a51067b664",
              "parentUUID": "5b689e90-3cd4-4de0-b2a4-e2a41132f4da",
              "isHook": false,
              "skipped": false
            },
            {
              "title": "Validate properties of the Contact Us Page",
              "fullTitle": "Verifying variables,cypress commands and jquery commands Validate properties of the Contact Us Page",
              "timedOut": null,
              "duration": 918,
              "state": "passed",
              "speed": "slow",
              "pass": true,
              "fail": false,
              "pending": false,
              "context": null,
              "code": "cy.visit(\"https://automationteststore.com/index.php?rt=content/contact\"); // Uses cypress commands and chaining\n// validates the text of #field_11 element which is child of #ContactUsFrm element\ncy.contains('#ContactUsFrm', 'Contact Us Form').find('#field_11').should('contain', 'First name'); // JQuery Approach\ncy.contains('#ContactUsFrm', 'Contact Us Form').then(text => {\n  const firstNameText = text.find('#field_11').text();\n  expect(firstNameText).to.contain('First name'); //Embedded commands (Closure)\n  cy.get('#field_11').then(fnText => {\n    // prints the text inside the element \n    cy.log(fnText.text()); //prints the html of the element :<div#field_11.form-group.form_field>\n    cy.log(fnText);\n  });\n});",
              "err": {},
              "uuid": "c5364579-90ac-4d14-aaeb-dc290e99c14a",
              "parentUUID": "5b689e90-3cd4-4de0-b2a4-e2a41132f4da",
              "isHook": false,
              "skipped": false
            }
          ],
          "suites": [],
          "passes": [
            "d6cffae9-3383-4be0-8ab9-4afaeb9c08b4",
            "46ef4247-fc02-4805-b99f-92a51067b664",
            "c5364579-90ac-4d14-aaeb-dc290e99c14a"
          ],
          "failures": [],
          "pending": [],
          "skipped": [],
          "duration": 7229,
          "root": false,
          "rootEmpty": false,
          "_timeout": 2000
        }
      ],
      "passes": [],
      "failures": [],
      "pending": [],
      "skipped": [],
      "duration": 0,
      "root": true,
      "rootEmpty": true,
      "_timeout": 2000
    }
  ],
  "meta": {
    "mocha": {
      "version": "7.0.1"
    },
    "mochawesome": {
      "options": {
        "quiet": false,
        "reportFilename": "mochawesome",
        "saveHtml": false,
        "saveJson": true,
        "consoleReporter": "spec",
        "useInlineDiffs": false,
        "code": true
      },
      "version": "7.1.3"
    },
    "marge": {
      "options": {
        "id": "default",
        "reportDir": "cypress/results/mochawesome",
        "quite": true,
        "overwrite": false,
        "html": false,
        "json": true
      },
      "version": "6.2.0"
    }
  }
}