{
  "stats": {
    "suites": 1,
    "tests": 16,
    "passes": 16,
    "pending": 0,
    "failures": 0,
    "start": "2022-04-18T15:29:16.209Z",
    "end": "2022-04-18T15:29:27.751Z",
    "duration": 11542,
    "testsRegistered": 16,
    "passPercent": 100,
    "pendingPercent": 0,
    "other": 0,
    "hasOther": false,
    "skipped": 0,
    "hasSkipped": false
  },
  "results": [
    {
      "uuid": "c312a9cf-2f87-4db4-96a9-87062e9de635",
      "title": "",
      "fullFile": "cypress/integration/webdriver-uni/traversing-elements.js",
      "file": "cypress/integration/webdriver-uni/traversing-elements.js",
      "beforeHooks": [],
      "afterHooks": [],
      "tests": [],
      "suites": [
        {
          "uuid": "ad5014bc-2326-4e04-b65e-34d4e684de21",
          "title": "Traversing DOM elements in Cypress",
          "fullFile": "",
          "file": "",
          "beforeHooks": [],
          "afterHooks": [],
          "tests": [
            {
              "title": "children() to get the children of DOM elements",
              "fullTitle": "Traversing DOM elements in Cypress children() to get the children of DOM elements",
              "timedOut": null,
              "duration": 2152,
              "state": "passed",
              "speed": "slow",
              "pass": true,
              "fail": false,
              "pending": false,
              "context": null,
              "code": "cy.get('.traversal-breadcrumb').children('.active').should(\"contain\", \"Contact Us\");",
              "err": {},
              "uuid": "a8599dd1-0afd-4a30-87da-4671fc98d9cb",
              "parentUUID": "ad5014bc-2326-4e04-b65e-34d4e684de21",
              "isHook": false,
              "skipped": false
            },
            {
              "title": "closest() to validate the closest ancestor DOM element",
              "fullTitle": "Traversing DOM elements in Cypress closest() to validate the closest ancestor DOM element",
              "timedOut": null,
              "duration": 696,
              "state": "passed",
              "speed": "slow",
              "pass": true,
              "fail": false,
              "pending": false,
              "context": null,
              "code": "cy.get('.traversal-badge').closest('ul').should('have.class', 'list-group');",
              "err": {},
              "uuid": "b66790fc-69dc-431e-aeab-53399ad3170b",
              "parentUUID": "ad5014bc-2326-4e04-b65e-34d4e684de21",
              "isHook": false,
              "skipped": false
            },
            {
              "title": "eq() to retrieve a specific element based on index",
              "fullTitle": "Traversing DOM elements in Cypress eq() to retrieve a specific element based on index",
              "timedOut": null,
              "duration": 530,
              "state": "passed",
              "speed": "slow",
              "pass": true,
              "fail": false,
              "pending": false,
              "context": null,
              "code": "//This class(.traversal-drinks-list > *) locator will get the all the lement inside the list \ncy.get('.traversal-drinks-list > *').eq(0).should('contain', 'Coffee');",
              "err": {},
              "uuid": "32a53650-7b00-49cf-bc24-dc9507db7b54",
              "parentUUID": "ad5014bc-2326-4e04-b65e-34d4e684de21",
              "isHook": false,
              "skipped": false
            },
            {
              "title": "filter() to retrieve DOM elements that match a specific selector",
              "fullTitle": "Traversing DOM elements in Cypress filter() to retrieve DOM elements that match a specific selector",
              "timedOut": null,
              "duration": 714,
              "state": "passed",
              "speed": "slow",
              "pass": true,
              "fail": false,
              "pending": false,
              "context": null,
              "code": "cy.get('.btn-group-toggle >*').filter('.active').should('contain', 'Button-1');",
              "err": {},
              "uuid": "9d270e6d-b08d-4923-b04d-5b051993e9cd",
              "parentUUID": "ad5014bc-2326-4e04-b65e-34d4e684de21",
              "isHook": false,
              "skipped": false
            },
            {
              "title": "find() to retrieve DOM elements of a given selector",
              "fullTitle": "Traversing DOM elements in Cypress find() to retrieve DOM elements of a given selector",
              "timedOut": null,
              "duration": 730,
              "state": "passed",
              "speed": "slow",
              "pass": true,
              "fail": false,
              "pending": false,
              "context": null,
              "code": "cy.get('.traversal-pagination').find('li').find('a').should('have.length', 7);",
              "err": {},
              "uuid": "ca76d7d0-948b-4792-a7ea-541263b407a9",
              "parentUUID": "ad5014bc-2326-4e04-b65e-34d4e684de21",
              "isHook": false,
              "skipped": false
            },
            {
              "title": "first() to retrieve the first DOM element within elements ",
              "fullTitle": "Traversing DOM elements in Cypress first() to retrieve the first DOM element within elements ",
              "timedOut": null,
              "duration": 833,
              "state": "passed",
              "speed": "slow",
              "pass": true,
              "fail": false,
              "pending": false,
              "context": null,
              "code": "cy.get('.traversal-table >tbody > tr >td').first().should('contain', 'Andy');",
              "err": {},
              "uuid": "4b39da5e-df23-4ae7-98c5-0e692ccdebce",
              "parentUUID": "ad5014bc-2326-4e04-b65e-34d4e684de21",
              "isHook": false,
              "skipped": false
            },
            {
              "title": "last() to retrieve the last DOM element within elements",
              "fullTitle": "Traversing DOM elements in Cypress last() to retrieve the last DOM element within elements",
              "timedOut": null,
              "duration": 564,
              "state": "passed",
              "speed": "slow",
              "pass": true,
              "fail": false,
              "pending": false,
              "context": null,
              "code": "cy.get('.traversal-table >tbody > tr >td').last().should('contain', 'Scott');",
              "err": {},
              "uuid": "49aab19e-3c84-4ed4-a389-c09b8aa7c767",
              "parentUUID": "ad5014bc-2326-4e04-b65e-34d4e684de21",
              "isHook": false,
              "skipped": false
            },
            {
              "title": "nextAll() to get all of the next sibling DOM elements within elements",
              "fullTitle": "Traversing DOM elements in Cypress nextAll() to get all of the next sibling DOM elements within elements",
              "timedOut": null,
              "duration": 517,
              "state": "passed",
              "speed": "slow",
              "pass": true,
              "fail": false,
              "pending": false,
              "context": null,
              "code": "cy.get('.traversal-drinks-list').contains('Tea').nextAll().should('have.length', '3');",
              "err": {},
              "uuid": "50f8ae4b-d3b3-4a82-8803-38ae5b3f634a",
              "parentUUID": "ad5014bc-2326-4e04-b65e-34d4e684de21",
              "isHook": false,
              "skipped": false
            },
            {
              "title": "nextUntil() to get all of the next sibling DOM elements within elements until another element",
              "fullTitle": "Traversing DOM elements in Cypress nextUntil() to get all of the next sibling DOM elements within elements until another element",
              "timedOut": null,
              "duration": 543,
              "state": "passed",
              "speed": "slow",
              "pass": true,
              "fail": false,
              "pending": false,
              "context": null,
              "code": "cy.get('#coffee').nextUntil('#milk');",
              "err": {},
              "uuid": "c556c9af-70bb-4ff4-84e0-12b2d64579b9",
              "parentUUID": "ad5014bc-2326-4e04-b65e-34d4e684de21",
              "isHook": false,
              "skipped": false
            },
            {
              "title": "not() to remove DOM element(s) from the set of elements",
              "fullTitle": "Traversing DOM elements in Cypress not() to remove DOM element(s) from the set of elements",
              "timedOut": null,
              "duration": 505,
              "state": "passed",
              "speed": "slow",
              "pass": true,
              "fail": false,
              "pending": false,
              "context": null,
              "code": "cy.get('.traversal-button-states > button').not('.disabled').should('not.have.class', 'disabled');",
              "err": {},
              "uuid": "789b914b-6d77-4c4f-b8ff-9f61b761e618",
              "parentUUID": "ad5014bc-2326-4e04-b65e-34d4e684de21",
              "isHook": false,
              "skipped": false
            },
            {
              "title": "parent() To get parent DOM element of elements",
              "fullTitle": "Traversing DOM elements in Cypress parent() To get parent DOM element of elements",
              "timedOut": null,
              "duration": 564,
              "state": "passed",
              "speed": "slow",
              "pass": true,
              "fail": false,
              "pending": false,
              "context": null,
              "code": "cy.get('.traversal-mark').parent().should('contain', 'Lorem ipsum dolor sit amet');",
              "err": {},
              "uuid": "a37a84e4-d38e-4b8b-8de9-b096b452c6b2",
              "parentUUID": "ad5014bc-2326-4e04-b65e-34d4e684de21",
              "isHook": false,
              "skipped": false
            },
            {
              "title": "parents() to get parents DOM element of elements",
              "fullTitle": "Traversing DOM elements in Cypress parents() to get parents DOM element of elements",
              "timedOut": null,
              "duration": 514,
              "state": "passed",
              "speed": "slow",
              "pass": true,
              "fail": false,
              "pending": false,
              "context": null,
              "code": "cy.get('.traversal-cite').parents().should('match', 'blockquote');",
              "err": {},
              "uuid": "7c7c9976-7c75-43aa-a06c-010021f3c34f",
              "parentUUID": "ad5014bc-2326-4e04-b65e-34d4e684de21",
              "isHook": false,
              "skipped": false
            },
            {
              "title": "prev() to get the previous sibling DOM element within elements",
              "fullTitle": "Traversing DOM elements in Cypress prev() to get the previous sibling DOM element within elements",
              "timedOut": null,
              "duration": 551,
              "state": "passed",
              "speed": "slow",
              "pass": true,
              "fail": false,
              "pending": false,
              "context": null,
              "code": "cy.get('#sugar').prev().should('contain', 'Espresso');",
              "err": {},
              "uuid": "4d9ec6d3-d99c-455a-ac04-ab4bbebdf7aa",
              "parentUUID": "ad5014bc-2326-4e04-b65e-34d4e684de21",
              "isHook": false,
              "skipped": false
            },
            {
              "title": "prevAll() to get all previous sibling DOM elements within elements",
              "fullTitle": "Traversing DOM elements in Cypress prevAll() to get all previous sibling DOM elements within elements",
              "timedOut": null,
              "duration": 559,
              "state": "passed",
              "speed": "slow",
              "pass": true,
              "fail": false,
              "pending": false,
              "context": null,
              "code": "cy.get('.sales').prevAll().should('have.length', '2');",
              "err": {},
              "uuid": "504e7343-53f5-4145-9f38-140601fe6c34",
              "parentUUID": "ad5014bc-2326-4e04-b65e-34d4e684de21",
              "isHook": false,
              "skipped": false
            },
            {
              "title": "prevUntil() to get all previous sibling DOM elements within elements until other element",
              "fullTitle": "Traversing DOM elements in Cypress prevUntil() to get all previous sibling DOM elements within elements until other element",
              "timedOut": null,
              "duration": 632,
              "state": "passed",
              "speed": "slow",
              "pass": true,
              "fail": false,
              "pending": false,
              "context": null,
              "code": "cy.get('#veggie').prevUntil('#fruits').should('have.length', '5');",
              "err": {},
              "uuid": "9d36bd76-c797-43ed-a59e-70820efa1218",
              "parentUUID": "ad5014bc-2326-4e04-b65e-34d4e684de21",
              "isHook": false,
              "skipped": false
            },
            {
              "title": "siblings() To get all sibling DOM elements of elements",
              "fullTitle": "Traversing DOM elements in Cypress siblings() To get all sibling DOM elements of elements",
              "timedOut": null,
              "duration": 674,
              "state": "passed",
              "speed": "slow",
              "pass": true,
              "fail": false,
              "pending": false,
              "context": null,
              "code": "cy.get('.traversal-button-other-states .active').siblings().should('have.length', '3');",
              "err": {},
              "uuid": "adb291ee-9c59-4d93-966a-0d1057d2bb82",
              "parentUUID": "ad5014bc-2326-4e04-b65e-34d4e684de21",
              "isHook": false,
              "skipped": false
            }
          ],
          "suites": [],
          "passes": [
            "a8599dd1-0afd-4a30-87da-4671fc98d9cb",
            "b66790fc-69dc-431e-aeab-53399ad3170b",
            "32a53650-7b00-49cf-bc24-dc9507db7b54",
            "9d270e6d-b08d-4923-b04d-5b051993e9cd",
            "ca76d7d0-948b-4792-a7ea-541263b407a9",
            "4b39da5e-df23-4ae7-98c5-0e692ccdebce",
            "49aab19e-3c84-4ed4-a389-c09b8aa7c767",
            "50f8ae4b-d3b3-4a82-8803-38ae5b3f634a",
            "c556c9af-70bb-4ff4-84e0-12b2d64579b9",
            "789b914b-6d77-4c4f-b8ff-9f61b761e618",
            "a37a84e4-d38e-4b8b-8de9-b096b452c6b2",
            "7c7c9976-7c75-43aa-a06c-010021f3c34f",
            "4d9ec6d3-d99c-455a-ac04-ab4bbebdf7aa",
            "504e7343-53f5-4145-9f38-140601fe6c34",
            "9d36bd76-c797-43ed-a59e-70820efa1218",
            "adb291ee-9c59-4d93-966a-0d1057d2bb82"
          ],
          "failures": [],
          "pending": [],
          "skipped": [],
          "duration": 11278,
          "root": false,
          "rootEmpty": false,
          "_timeout": 2000
        }
      ],
      "passes": [],
      "failures": [],
      "pending": [],
      "skipped": [],
      "duration": 0,
      "root": true,
      "rootEmpty": true,
      "_timeout": 2000
    }
  ],
  "meta": {
    "mocha": {
      "version": "7.0.1"
    },
    "mochawesome": {
      "options": {
        "quiet": false,
        "reportFilename": "mochawesome",
        "saveHtml": false,
        "saveJson": true,
        "consoleReporter": "spec",
        "useInlineDiffs": false,
        "code": true
      },
      "version": "7.1.3"
    },
    "marge": {
      "options": {
        "id": "default",
        "reportDir": "cypress/results/mochawesome",
        "quite": true,
        "overwrite": false,
        "html": false,
        "json": true
      },
      "version": "6.2.0"
    }
  }
}