{
  "stats": {
    "suites": 1,
    "tests": 16,
    "passes": 16,
    "pending": 0,
    "failures": 0,
    "start": "2022-04-18T15:19:45.131Z",
    "end": "2022-04-18T15:19:58.957Z",
    "duration": 13826,
    "testsRegistered": 16,
    "passPercent": 100,
    "pendingPercent": 0,
    "other": 0,
    "hasOther": false,
    "skipped": 0,
    "hasSkipped": false
  },
  "results": [
    {
      "uuid": "f9084b48-50ea-48d3-9077-2a4404439451",
      "title": "",
      "fullFile": "cypress/integration/webdriver-uni/traversing-elements.js",
      "file": "cypress/integration/webdriver-uni/traversing-elements.js",
      "beforeHooks": [],
      "afterHooks": [],
      "tests": [],
      "suites": [
        {
          "uuid": "7a1c3023-cd00-434a-b192-17f7122bf791",
          "title": "Traversing DOM elements in Cypress",
          "fullFile": "",
          "file": "",
          "beforeHooks": [],
          "afterHooks": [],
          "tests": [
            {
              "title": "children() to get the children of DOM elements",
              "fullTitle": "Traversing DOM elements in Cypress children() to get the children of DOM elements",
              "timedOut": null,
              "duration": 2569,
              "state": "passed",
              "speed": "slow",
              "pass": true,
              "fail": false,
              "pending": false,
              "context": null,
              "code": "cy.get('.traversal-breadcrumb').children('.active').should(\"contain\", \"Contact Us\");",
              "err": {},
              "uuid": "226432be-cb5e-4806-9e70-b18aa2ea7623",
              "parentUUID": "7a1c3023-cd00-434a-b192-17f7122bf791",
              "isHook": false,
              "skipped": false
            },
            {
              "title": "closest() to validate the closest ancestor DOM element",
              "fullTitle": "Traversing DOM elements in Cypress closest() to validate the closest ancestor DOM element",
              "timedOut": null,
              "duration": 719,
              "state": "passed",
              "speed": "slow",
              "pass": true,
              "fail": false,
              "pending": false,
              "context": null,
              "code": "cy.get('.traversal-badge').closest('ul').should('have.class', 'list-group');",
              "err": {},
              "uuid": "b71964f1-71b7-4f1b-b419-55741e8f6669",
              "parentUUID": "7a1c3023-cd00-434a-b192-17f7122bf791",
              "isHook": false,
              "skipped": false
            },
            {
              "title": "eq() to retrieve a specific element based on index",
              "fullTitle": "Traversing DOM elements in Cypress eq() to retrieve a specific element based on index",
              "timedOut": null,
              "duration": 668,
              "state": "passed",
              "speed": "slow",
              "pass": true,
              "fail": false,
              "pending": false,
              "context": null,
              "code": "//This class(.traversal-drinks-list > *) locator will get the all the lement inside the list \ncy.get('.traversal-drinks-list > *').eq(0).should('contain', 'Coffee');",
              "err": {},
              "uuid": "e0b60bae-6420-4e5a-9f6b-1629a42f26b0",
              "parentUUID": "7a1c3023-cd00-434a-b192-17f7122bf791",
              "isHook": false,
              "skipped": false
            },
            {
              "title": "filter() to retrieve DOM elements that match a specific selector",
              "fullTitle": "Traversing DOM elements in Cypress filter() to retrieve DOM elements that match a specific selector",
              "timedOut": null,
              "duration": 757,
              "state": "passed",
              "speed": "slow",
              "pass": true,
              "fail": false,
              "pending": false,
              "context": null,
              "code": "cy.get('.btn-group-toggle >*').filter('.active').should('contain', 'Button-1');",
              "err": {},
              "uuid": "c0053539-fc30-4d79-b992-71b2f88a87a4",
              "parentUUID": "7a1c3023-cd00-434a-b192-17f7122bf791",
              "isHook": false,
              "skipped": false
            },
            {
              "title": "find() to retrieve DOM elements of a given selector",
              "fullTitle": "Traversing DOM elements in Cypress find() to retrieve DOM elements of a given selector",
              "timedOut": null,
              "duration": 914,
              "state": "passed",
              "speed": "slow",
              "pass": true,
              "fail": false,
              "pending": false,
              "context": null,
              "code": "cy.get('.traversal-pagination').find('li').find('a').should('have.length', 7);",
              "err": {},
              "uuid": "b370e6ea-3cf6-49f4-881d-d8cff3fd0cc3",
              "parentUUID": "7a1c3023-cd00-434a-b192-17f7122bf791",
              "isHook": false,
              "skipped": false
            },
            {
              "title": "first() to retrieve the first DOM element within elements ",
              "fullTitle": "Traversing DOM elements in Cypress first() to retrieve the first DOM element within elements ",
              "timedOut": null,
              "duration": 953,
              "state": "passed",
              "speed": "slow",
              "pass": true,
              "fail": false,
              "pending": false,
              "context": null,
              "code": "cy.get('.traversal-table >tbody > tr >td').first().should('contain', 'Andy');",
              "err": {},
              "uuid": "18caca63-bb27-4baf-82ab-b6aa3f568a4d",
              "parentUUID": "7a1c3023-cd00-434a-b192-17f7122bf791",
              "isHook": false,
              "skipped": false
            },
            {
              "title": "last() to retrieve the last DOM element within elements",
              "fullTitle": "Traversing DOM elements in Cypress last() to retrieve the last DOM element within elements",
              "timedOut": null,
              "duration": 781,
              "state": "passed",
              "speed": "slow",
              "pass": true,
              "fail": false,
              "pending": false,
              "context": null,
              "code": "cy.get('.traversal-table >tbody > tr >td').last().should('contain', 'Scott');",
              "err": {},
              "uuid": "21d17db9-76eb-4641-b333-8376a6e83f35",
              "parentUUID": "7a1c3023-cd00-434a-b192-17f7122bf791",
              "isHook": false,
              "skipped": false
            },
            {
              "title": "nextAll() to get all of the next sibling DOM elements within elements",
              "fullTitle": "Traversing DOM elements in Cypress nextAll() to get all of the next sibling DOM elements within elements",
              "timedOut": null,
              "duration": 868,
              "state": "passed",
              "speed": "slow",
              "pass": true,
              "fail": false,
              "pending": false,
              "context": null,
              "code": "cy.get('.traversal-drinks-list').contains('Tea').nextAll().should('have.length', '3');",
              "err": {},
              "uuid": "89947127-f189-42aa-8b8c-222662efabe9",
              "parentUUID": "7a1c3023-cd00-434a-b192-17f7122bf791",
              "isHook": false,
              "skipped": false
            },
            {
              "title": "nextUntil() to get all of the next sibling DOM elements within elements until another element",
              "fullTitle": "Traversing DOM elements in Cypress nextUntil() to get all of the next sibling DOM elements within elements until another element",
              "timedOut": null,
              "duration": 736,
              "state": "passed",
              "speed": "slow",
              "pass": true,
              "fail": false,
              "pending": false,
              "context": null,
              "code": "cy.get('#coffee').nextUntil('#milk');",
              "err": {},
              "uuid": "9fbc892f-8e81-4eff-8c94-ee8af37eabee",
              "parentUUID": "7a1c3023-cd00-434a-b192-17f7122bf791",
              "isHook": false,
              "skipped": false
            },
            {
              "title": "not() to remove DOM element(s) from the set of elements",
              "fullTitle": "Traversing DOM elements in Cypress not() to remove DOM element(s) from the set of elements",
              "timedOut": null,
              "duration": 704,
              "state": "passed",
              "speed": "slow",
              "pass": true,
              "fail": false,
              "pending": false,
              "context": null,
              "code": "cy.get('.traversal-button-states > button').not('.disabled').should('not.have.class', 'disabled');",
              "err": {},
              "uuid": "58cd2b67-dd31-4386-969b-20980d34d5e1",
              "parentUUID": "7a1c3023-cd00-434a-b192-17f7122bf791",
              "isHook": false,
              "skipped": false
            },
            {
              "title": "parent() To get parent DOM element of elements",
              "fullTitle": "Traversing DOM elements in Cypress parent() To get parent DOM element of elements",
              "timedOut": null,
              "duration": 657,
              "state": "passed",
              "speed": "slow",
              "pass": true,
              "fail": false,
              "pending": false,
              "context": null,
              "code": "cy.get('.traversal-mark').parent().should('contain', 'Lorem ipsum dolor sit amet');",
              "err": {},
              "uuid": "ec9c0ad1-4fbc-4aed-b871-d335d7c00e64",
              "parentUUID": "7a1c3023-cd00-434a-b192-17f7122bf791",
              "isHook": false,
              "skipped": false
            },
            {
              "title": "parents() to get parents DOM element of elements",
              "fullTitle": "Traversing DOM elements in Cypress parents() to get parents DOM element of elements",
              "timedOut": null,
              "duration": 641,
              "state": "passed",
              "speed": "slow",
              "pass": true,
              "fail": false,
              "pending": false,
              "context": null,
              "code": "cy.get('.traversal-cite').parents().should('match', 'blockquote');",
              "err": {},
              "uuid": "442377a2-932d-4bf2-a5a5-d1b7d3dd2bdc",
              "parentUUID": "7a1c3023-cd00-434a-b192-17f7122bf791",
              "isHook": false,
              "skipped": false
            },
            {
              "title": "prev() to get the previous sibling DOM element within elements",
              "fullTitle": "Traversing DOM elements in Cypress prev() to get the previous sibling DOM element within elements",
              "timedOut": null,
              "duration": 610,
              "state": "passed",
              "speed": "slow",
              "pass": true,
              "fail": false,
              "pending": false,
              "context": null,
              "code": "cy.get('#sugar').prev().should('contain', 'Espresso');",
              "err": {},
              "uuid": "3795a0ad-aacb-4f51-8e9d-6331e6437032",
              "parentUUID": "7a1c3023-cd00-434a-b192-17f7122bf791",
              "isHook": false,
              "skipped": false
            },
            {
              "title": "prevAll() to get all previous sibling DOM elements within elements",
              "fullTitle": "Traversing DOM elements in Cypress prevAll() to get all previous sibling DOM elements within elements",
              "timedOut": null,
              "duration": 708,
              "state": "passed",
              "speed": "slow",
              "pass": true,
              "fail": false,
              "pending": false,
              "context": null,
              "code": "cy.get('.sales').prevAll().should('have.length', '2');",
              "err": {},
              "uuid": "5ccdecf4-db35-473d-b02a-89a4a59c0e41",
              "parentUUID": "7a1c3023-cd00-434a-b192-17f7122bf791",
              "isHook": false,
              "skipped": false
            },
            {
              "title": "prevUntil() to get all previous sibling DOM elements within elements until other element",
              "fullTitle": "Traversing DOM elements in Cypress prevUntil() to get all previous sibling DOM elements within elements until other element",
              "timedOut": null,
              "duration": 610,
              "state": "passed",
              "speed": "slow",
              "pass": true,
              "fail": false,
              "pending": false,
              "context": null,
              "code": "cy.get('#veggie').prevUntil('#fruits').should('have.length', '5');",
              "err": {},
              "uuid": "510e0b9f-1644-4554-968b-48e2c696b293",
              "parentUUID": "7a1c3023-cd00-434a-b192-17f7122bf791",
              "isHook": false,
              "skipped": false
            },
            {
              "title": "siblings() To get all sibling DOM elements of elements",
              "fullTitle": "Traversing DOM elements in Cypress siblings() To get all sibling DOM elements of elements",
              "timedOut": null,
              "duration": 573,
              "state": "passed",
              "speed": "slow",
              "pass": true,
              "fail": false,
              "pending": false,
              "context": null,
              "code": "cy.get('.traversal-button-other-states .active').siblings().should('have.length', '3');",
              "err": {},
              "uuid": "5fd05f5d-1f3b-46fb-82ea-68f537fbd0ce",
              "parentUUID": "7a1c3023-cd00-434a-b192-17f7122bf791",
              "isHook": false,
              "skipped": false
            }
          ],
          "suites": [],
          "passes": [
            "226432be-cb5e-4806-9e70-b18aa2ea7623",
            "b71964f1-71b7-4f1b-b419-55741e8f6669",
            "e0b60bae-6420-4e5a-9f6b-1629a42f26b0",
            "c0053539-fc30-4d79-b992-71b2f88a87a4",
            "b370e6ea-3cf6-49f4-881d-d8cff3fd0cc3",
            "18caca63-bb27-4baf-82ab-b6aa3f568a4d",
            "21d17db9-76eb-4641-b333-8376a6e83f35",
            "89947127-f189-42aa-8b8c-222662efabe9",
            "9fbc892f-8e81-4eff-8c94-ee8af37eabee",
            "58cd2b67-dd31-4386-969b-20980d34d5e1",
            "ec9c0ad1-4fbc-4aed-b871-d335d7c00e64",
            "442377a2-932d-4bf2-a5a5-d1b7d3dd2bdc",
            "3795a0ad-aacb-4f51-8e9d-6331e6437032",
            "5ccdecf4-db35-473d-b02a-89a4a59c0e41",
            "510e0b9f-1644-4554-968b-48e2c696b293",
            "5fd05f5d-1f3b-46fb-82ea-68f537fbd0ce"
          ],
          "failures": [],
          "pending": [],
          "skipped": [],
          "duration": 13468,
          "root": false,
          "rootEmpty": false,
          "_timeout": 2000
        }
      ],
      "passes": [],
      "failures": [],
      "pending": [],
      "skipped": [],
      "duration": 0,
      "root": true,
      "rootEmpty": true,
      "_timeout": 2000
    }
  ],
  "meta": {
    "mocha": {
      "version": "7.0.1"
    },
    "mochawesome": {
      "options": {
        "quiet": false,
        "reportFilename": "mochawesome",
        "saveHtml": false,
        "saveJson": true,
        "consoleReporter": "spec",
        "useInlineDiffs": false,
        "code": true
      },
      "version": "7.1.3"
    },
    "marge": {
      "options": {
        "id": "default",
        "reportDir": "cypress/results/mochawesome",
        "quite": true,
        "owerwrite": false,
        "html": false,
        "json": true
      },
      "version": "6.2.0"
    }
  }
}