{
  "stats": {
    "suites": 1,
    "tests": 1,
    "passes": 1,
    "pending": 0,
    "failures": 0,
    "start": "2022-04-18T15:28:30.634Z",
    "end": "2022-04-18T15:28:35.179Z",
    "duration": 4545,
    "testsRegistered": 1,
    "passPercent": 100,
    "pendingPercent": 0,
    "other": 0,
    "hasOther": false,
    "skipped": 0,
    "hasSkipped": false
  },
  "results": [
    {
      "uuid": "a7a6d9b0-d496-44ba-8ad9-3d8d0c86832c",
      "title": "",
      "fullFile": "cypress/integration/webdriver-uni/iframe.js",
      "file": "cypress/integration/webdriver-uni/iframe.js",
      "beforeHooks": [],
      "afterHooks": [],
      "tests": [],
      "suites": [
        {
          "uuid": "a5ebd180-2511-43bb-8684-8366e3305b08",
          "title": "Handling IFrames & Modals",
          "fullFile": "",
          "file": "",
          "beforeHooks": [],
          "afterHooks": [],
          "tests": [
            {
              "title": "Handle webdriveruni iframe and modal",
              "fullTitle": "Handling IFrames & Modals Handle webdriveruni iframe and modal",
              "timedOut": null,
              "duration": 2631,
              "state": "passed",
              "speed": "slow",
              "pass": true,
              "fail": false,
              "pending": false,
              "context": null,
              "code": "cy.visit(\"https://webdriveruniversity.com\");\ncy.get('#iframe').invoke('removeAttr', 'target').click({\n  force: true\n});\ncy.get('#frame').then($iframe => {\n  //grab the contents of iframe from the body  and store it in a variable $iframe\n  const body = $iframe.contents().find('body'); // cy.wrap() is used to wrap the body variable into a iframe variable \n  cy.wrap(body).as('iframe'); // we are  inside the iframe now and click on the button\n  cy.get('@iframe').find('#button-find-out-more').click();\n  cy.get('@iframe').find('#myModal').as('modal'); // get the text of the open window inside the alert and verify it is equal to the text we are expecting\n  cy.get('@modal').should($expectedText => {\n    //assign the text to text variable\n    const text = $expectedText.text(); // and make assertion\n    expect(text).to.include('Welcome to webdriveruniversity.com we sell');\n  });\n  cy.get('@modal').contains('Close').click();\n});",
              "err": {},
              "uuid": "b21d44a1-fb1b-4e88-87b9-f8170d3497f3",
              "parentUUID": "a5ebd180-2511-43bb-8684-8366e3305b08",
              "isHook": false,
              "skipped": false
            }
          ],
          "suites": [],
          "passes": [
            "b21d44a1-fb1b-4e88-87b9-f8170d3497f3"
          ],
          "failures": [],
          "pending": [],
          "skipped": [],
          "duration": 2631,
          "root": false,
          "rootEmpty": false,
          "_timeout": 2000
        }
      ],
      "passes": [],
      "failures": [],
      "pending": [],
      "skipped": [],
      "duration": 0,
      "root": true,
      "rootEmpty": true,
      "_timeout": 2000
    }
  ],
  "meta": {
    "mocha": {
      "version": "7.0.1"
    },
    "mochawesome": {
      "options": {
        "quiet": false,
        "reportFilename": "mochawesome",
        "saveHtml": false,
        "saveJson": true,
        "consoleReporter": "spec",
        "useInlineDiffs": false,
        "code": true
      },
      "version": "7.1.3"
    },
    "marge": {
      "options": {
        "id": "default",
        "reportDir": "cypress/results/mochawesome",
        "quite": true,
        "overwrite": false,
        "html": false,
        "json": true
      },
      "version": "6.2.0"
    }
  }
}