{
  "stats": {
    "suites": 1,
    "tests": 1,
    "passes": 1,
    "pending": 0,
    "failures": 0,
    "start": "2022-04-18T15:28:48.123Z",
    "end": "2022-04-18T15:28:50.290Z",
    "duration": 2167,
    "testsRegistered": 1,
    "passPercent": 100,
    "pendingPercent": 0,
    "other": 0,
    "hasOther": false,
    "skipped": 0,
    "hasSkipped": false
  },
  "results": [
    {
      "uuid": "cbcbb8f3-7cb1-40a9-8726-357fc0c7cae7",
      "title": "",
      "fullFile": "cypress/integration/webdriver-uni/mouse-action.js",
      "file": "cypress/integration/webdriver-uni/mouse-action.js",
      "beforeHooks": [],
      "afterHooks": [],
      "tests": [],
      "suites": [
        {
          "uuid": "44ed8249-200c-4c11-a40e-1cb2c8e7fe40",
          "title": "Test maouse actions",
          "fullFile": "",
          "file": "",
          "beforeHooks": [],
          "afterHooks": [],
          "tests": [
            {
              "title": "I should be able to hold down the left mouse click button on a given element ",
              "fullTitle": "Test maouse actions I should be able to hold down the left mouse click button on a given element ",
              "timedOut": null,
              "duration": 2123,
              "state": "passed",
              "speed": "slow",
              "pass": true,
              "fail": false,
              "pending": false,
              "context": null,
              "code": "cy.visit(\"http://www.webdriveruniversity.com\");\ncy.get('#actions').scrollIntoView().invoke('removeAttr', 'target').click({\n  force: true\n});\ncy.get('#click-box').trigger('mousedown', {\n  which: 1\n}).then($element => {\n  // this will check the css formt of element from style attribute inside DOM and assert it\n  cy.expect($element).to.have.css('background-color', 'rgb(0, 255, 0)');\n});",
              "err": {},
              "uuid": "43247304-7d17-4900-86ca-c7800f5d492a",
              "parentUUID": "44ed8249-200c-4c11-a40e-1cb2c8e7fe40",
              "isHook": false,
              "skipped": false
            }
          ],
          "suites": [],
          "passes": [
            "43247304-7d17-4900-86ca-c7800f5d492a"
          ],
          "failures": [],
          "pending": [],
          "skipped": [],
          "duration": 2123,
          "root": false,
          "rootEmpty": false,
          "_timeout": 2000
        }
      ],
      "passes": [],
      "failures": [],
      "pending": [],
      "skipped": [],
      "duration": 0,
      "root": true,
      "rootEmpty": true,
      "_timeout": 2000
    }
  ],
  "meta": {
    "mocha": {
      "version": "7.0.1"
    },
    "mochawesome": {
      "options": {
        "quiet": false,
        "reportFilename": "mochawesome",
        "saveHtml": false,
        "saveJson": true,
        "consoleReporter": "spec",
        "useInlineDiffs": false,
        "code": true
      },
      "version": "7.1.3"
    },
    "marge": {
      "options": {
        "id": "default",
        "reportDir": "cypress/results/mochawesome",
        "quite": true,
        "overwrite": false,
        "html": false,
        "json": true
      },
      "version": "6.2.0"
    }
  }
}