{
  "stats": {
    "suites": 1,
    "tests": 1,
    "passes": 1,
    "pending": 0,
    "failures": 0,
    "start": "2022-04-18T15:28:54.965Z",
    "end": "2022-04-18T15:28:58.523Z",
    "duration": 3558,
    "testsRegistered": 1,
    "passPercent": 100,
    "pendingPercent": 0,
    "other": 0,
    "hasOther": false,
    "skipped": 0,
    "hasSkipped": false
  },
  "results": [
    {
      "uuid": "b9395946-be2c-4a6f-b4ad-85ffa5e9cfcb",
      "title": "",
      "fullFile": "cypress/integration/webdriver-uni/radiobutton.js",
      "file": "cypress/integration/webdriver-uni/radiobutton.js",
      "beforeHooks": [],
      "afterHooks": [],
      "tests": [],
      "suites": [
        {
          "uuid": "b596c308-6cb0-453e-adf6-cc33b9041777",
          "title": "Verify radiobuttons via webdriveruni",
          "fullFile": "",
          "file": "",
          "beforeHooks": [],
          "afterHooks": [],
          "tests": [
            {
              "title": "Validate the specific state of radio buttons",
              "fullTitle": "Verify radiobuttons via webdriveruni Validate the specific state of radio buttons",
              "timedOut": null,
              "duration": 1571,
              "state": "passed",
              "speed": "slow",
              "pass": true,
              "fail": false,
              "pending": false,
              "context": null,
              "code": "cy.get(\"[value='lettuce']\").should('not.be.checked');\ncy.get(\"[value='pumpkin']\").should('be.checked');\ncy.get(\"[value='lettuce']\").check();\ncy.get(\"[value='lettuce']\").should('be.checked');\ncy.get(\"[value='pumpkin']\").should('not.be.checked');\ncy.get(\"[value='cabbage']\").should('be.disabled');",
              "err": {},
              "uuid": "6be6b8db-4954-4e83-8e53-d6fdff430c55",
              "parentUUID": "b596c308-6cb0-453e-adf6-cc33b9041777",
              "isHook": false,
              "skipped": false
            }
          ],
          "suites": [],
          "passes": [
            "6be6b8db-4954-4e83-8e53-d6fdff430c55"
          ],
          "failures": [],
          "pending": [],
          "skipped": [],
          "duration": 1571,
          "root": false,
          "rootEmpty": false,
          "_timeout": 2000
        }
      ],
      "passes": [],
      "failures": [],
      "pending": [],
      "skipped": [],
      "duration": 0,
      "root": true,
      "rootEmpty": true,
      "_timeout": 2000
    }
  ],
  "meta": {
    "mocha": {
      "version": "7.0.1"
    },
    "mochawesome": {
      "options": {
        "quiet": false,
        "reportFilename": "mochawesome",
        "saveHtml": false,
        "saveJson": true,
        "consoleReporter": "spec",
        "useInlineDiffs": false,
        "code": true
      },
      "version": "7.1.3"
    },
    "marge": {
      "options": {
        "id": "default",
        "reportDir": "cypress/results/mochawesome",
        "quite": true,
        "overwrite": false,
        "html": false,
        "json": true
      },
      "version": "6.2.0"
    }
  }
}