{
  "stats": {
    "suites": 1,
    "tests": 2,
    "passes": 2,
    "pending": 0,
    "failures": 0,
    "start": "2022-04-18T15:27:58.623Z",
    "end": "2022-04-18T15:28:01.679Z",
    "duration": 3056,
    "testsRegistered": 2,
    "passPercent": 100,
    "pendingPercent": 0,
    "other": 0,
    "hasOther": false,
    "skipped": 0,
    "hasSkipped": false
  },
  "results": [
    {
      "uuid": "c1fa0a8f-7d6b-45f8-b30a-d83d55ce04b9",
      "title": "",
      "fullFile": "cypress/integration/webdriver-uni/data-table.js",
      "file": "cypress/integration/webdriver-uni/data-table.js",
      "beforeHooks": [],
      "afterHooks": [],
      "tests": [],
      "suites": [
        {
          "uuid": "97a0be2d-7402-42e1-9fa2-69ca65b09132",
          "title": "Handling data via webdriveruni",
          "fullFile": "",
          "file": "",
          "beforeHooks": [],
          "afterHooks": [],
          "tests": [
            {
              "title": "Calculate and assert total age of all users",
              "fullTitle": "Handling data via webdriveruni Calculate and assert total age of all users",
              "timedOut": null,
              "duration": 2336,
              "state": "passed",
              "speed": "slow",
              "pass": true,
              "fail": false,
              "pending": false,
              "context": null,
              "code": "var userDetails = [];\nlet numb = 0; //this will find all the rows in the table and store it in a variable called el\ncy.get('#thumbnail-1 td').each(($el, index, $list) => {\n  //during the iteration  will store the index number to the array \n  // and the value of the index will be the text of the element\n  userDetails[index] = $el.text();\n}).then(() => {\n  var i; //this Number method  will get all the numbers from the array and assign it to the variable numb \n  for (i = 0; i < userDetails.length; i++) {\n    if (Number(userDetails[i])) {\n      numb += Number(userDetails[i]);\n    }\n  }\n  cy.log(\"Found total age:\" + numb);\n  expect(numb).to.eq(322);\n});",
              "err": {},
              "uuid": "c0819a76-7523-4f5e-8eb8-526cd04ded01",
              "parentUUID": "97a0be2d-7402-42e1-9fa2-69ca65b09132",
              "isHook": false,
              "skipped": false
            },
            {
              "title": "Calculate and assert the age of a given user based on last name ",
              "fullTitle": "Handling data via webdriveruni Calculate and assert the age of a given user based on last name ",
              "timedOut": null,
              "duration": 649,
              "state": "passed",
              "speed": "slow",
              "pass": true,
              "fail": false,
              "pending": false,
              "context": null,
              "code": "// this will get all the element inside Smith row and store it in a variable called el\ncy.get(' #thumbnail-1 tr td:nth-child(2)').each(($el, index, $list) => {\n  const text = $el.text(); //conditon for  Woods   name from the table during each iteration\n  if (text.includes(\"Woods\")) {\n    //when iteration locates the element include Woods it will move next to it and get the next element\n    //and store it in a variable called userAge\n    //function(age) will get the age from next() element\n    // then store it in a variable called userAge\n    cy.get('#thumbnail-1 tr td:nth-child(2)').eq(index).next().then(function (age) {\n      const userAge = age.text();\n      expect(userAge).to.equal(\"80\");\n    });\n  }\n});",
              "err": {},
              "uuid": "4f3eb805-7adf-4be1-a99f-54b87b4b4d53",
              "parentUUID": "97a0be2d-7402-42e1-9fa2-69ca65b09132",
              "isHook": false,
              "skipped": false
            }
          ],
          "suites": [],
          "passes": [
            "c0819a76-7523-4f5e-8eb8-526cd04ded01",
            "4f3eb805-7adf-4be1-a99f-54b87b4b4d53"
          ],
          "failures": [],
          "pending": [],
          "skipped": [],
          "duration": 2985,
          "root": false,
          "rootEmpty": false,
          "_timeout": 2000
        }
      ],
      "passes": [],
      "failures": [],
      "pending": [],
      "skipped": [],
      "duration": 0,
      "root": true,
      "rootEmpty": true,
      "_timeout": 2000
    }
  ],
  "meta": {
    "mocha": {
      "version": "7.0.1"
    },
    "mochawesome": {
      "options": {
        "quiet": false,
        "reportFilename": "mochawesome",
        "saveHtml": false,
        "saveJson": true,
        "consoleReporter": "spec",
        "useInlineDiffs": false,
        "code": true
      },
      "version": "7.1.3"
    },
    "marge": {
      "options": {
        "id": "default",
        "reportDir": "cypress/results/mochawesome",
        "quite": true,
        "overwrite": false,
        "html": false,
        "json": true
      },
      "version": "6.2.0"
    }
  }
}