{
  "stats": {
    "suites": 1,
    "tests": 2,
    "passes": 2,
    "pending": 0,
    "failures": 0,
    "start": "2022-04-18T15:28:19.751Z",
    "end": "2022-04-18T15:28:25.174Z",
    "duration": 5423,
    "testsRegistered": 2,
    "passPercent": 100,
    "pendingPercent": 0,
    "other": 0,
    "hasOther": false,
    "skipped": 0,
    "hasSkipped": false
  },
  "results": [
    {
      "uuid": "bb38261c-25b5-4f08-8afe-08bb6bfc2649",
      "title": "",
      "fullFile": "cypress/integration/webdriver-uni/file-upload.js",
      "file": "cypress/integration/webdriver-uni/file-upload.js",
      "beforeHooks": [],
      "afterHooks": [],
      "tests": [],
      "suites": [
        {
          "uuid": "8627d8a6-ecdb-41a0-8abb-6180593f45b0",
          "title": "Test File Upload via webdriveruni",
          "fullFile": "",
          "file": "",
          "beforeHooks": [],
          "afterHooks": [],
          "tests": [
            {
              "title": "Upload afile ....",
              "fullTitle": "Test File Upload via webdriveruni Upload afile ....",
              "timedOut": null,
              "duration": 2498,
              "state": "passed",
              "speed": "slow",
              "pass": true,
              "fail": false,
              "pending": false,
              "context": null,
              "code": "cy.visit(\"https://webdriveruniversity.com\");\ncy.get('#file-upload').invoke('removeAttr', 'target').click({\n  force: true\n});\ncy.fixture(\"Deniz.jpg\", \"base64\").then(fileContent => {\n  cy.get(\"#myFile\").attachFile({\n    fileContent,\n    fileName: \"Deniz.jpg\",\n    // optional, will default to \"image.jpg\"    \n    mimeType: \"image/jpeg\" // optional, will default to \"image/png\"\n  }, {\n    uploadType: \"input\"\n  });\n});\ncy.get('#submit-button').click(); //npm install --save-dev cypress-file-upload => to install the plugin",
              "err": {},
              "uuid": "265e873e-9623-4b1e-b7ca-8e312e8e6efe",
              "parentUUID": "8627d8a6-ecdb-41a0-8abb-6180593f45b0",
              "isHook": false,
              "skipped": false
            },
            {
              "title": "Upload no  file ....",
              "fullTitle": "Test File Upload via webdriveruni Upload no  file ....",
              "timedOut": null,
              "duration": 736,
              "state": "passed",
              "speed": "slow",
              "pass": true,
              "fail": false,
              "pending": false,
              "context": null,
              "code": "cy.visit(\"https://webdriveruniversity.com\");\ncy.get('#file-upload').invoke('removeAttr', 'target').click({\n  force: true\n});\ncy.get('#submit-button').click(); //npm install --save-dev cypress-file-upload => to install the plugin",
              "err": {},
              "uuid": "1e1a7ccb-ffd8-4b3f-8110-b2a339799468",
              "parentUUID": "8627d8a6-ecdb-41a0-8abb-6180593f45b0",
              "isHook": false,
              "skipped": false
            }
          ],
          "suites": [],
          "passes": [
            "265e873e-9623-4b1e-b7ca-8e312e8e6efe",
            "1e1a7ccb-ffd8-4b3f-8110-b2a339799468"
          ],
          "failures": [],
          "pending": [],
          "skipped": [],
          "duration": 3234,
          "root": false,
          "rootEmpty": false,
          "_timeout": 2000
        }
      ],
      "passes": [],
      "failures": [],
      "pending": [],
      "skipped": [],
      "duration": 0,
      "root": true,
      "rootEmpty": true,
      "_timeout": 2000
    }
  ],
  "meta": {
    "mocha": {
      "version": "7.0.1"
    },
    "mochawesome": {
      "options": {
        "quiet": false,
        "reportFilename": "mochawesome",
        "saveHtml": false,
        "saveJson": true,
        "consoleReporter": "spec",
        "useInlineDiffs": false,
        "code": true
      },
      "version": "7.1.3"
    },
    "marge": {
      "options": {
        "id": "default",
        "reportDir": "cypress/results/mochawesome",
        "quite": true,
        "overwrite": false,
        "html": false,
        "json": true
      },
      "version": "6.2.0"
    }
  }
}