{
  "stats": {
    "suites": 1,
    "tests": 1,
    "passes": 1,
    "pending": 0,
    "failures": 0,
    "start": "2022-04-18T15:29:03.417Z",
    "end": "2022-04-18T15:29:07.101Z",
    "duration": 3684,
    "testsRegistered": 1,
    "passPercent": 100,
    "pendingPercent": 0,
    "other": 0,
    "hasOther": false,
    "skipped": 0,
    "hasSkipped": false
  },
  "results": [
    {
      "uuid": "f8754fa6-93f7-47e3-b763-04c37da26774",
      "title": "",
      "fullFile": "cypress/integration/webdriver-uni/select-dropdown-list.js",
      "file": "cypress/integration/webdriver-uni/select-dropdown-list.js",
      "beforeHooks": [],
      "afterHooks": [],
      "tests": [],
      "suites": [
        {
          "uuid": "212c4bef-55b1-429a-8cb2-50045003c76c",
          "title": "Interact with dropdown lists via webdriveruni",
          "fullFile": "",
          "file": "",
          "beforeHooks": [],
          "afterHooks": [],
          "tests": [
            {
              "title": "Select specific values via select dropdown list ",
              "fullTitle": "Interact with dropdown lists via webdriveruni Select specific values via select dropdown list ",
              "timedOut": null,
              "duration": 1777,
              "state": "passed",
              "speed": "slow",
              "pass": true,
              "fail": false,
              "pending": false,
              "context": null,
              "code": "cy.visit(\"https://webdriveruniversity.com\");\ncy.get('#dropdown-checkboxes-radiobuttons').invoke('removeAttr', 'target').click({\n  force: true\n}); //cy.get('#dropdowm-menu-1').select('c#')\n// cy.get('#dropdowm-menu-2').select('testng').should('have.value', 'testng')\n// //cy.get('#dropdowm-menu-3').select('javascript')\n// //select based on tex option in DOM \n// cy.get('#dropdowm-menu-3').select('JQuery').contains('JQuery') \n//asserting the value of dropdown list\ncy.get('#dropdowm-menu-2').select('maven').should('have.value', 'maven'); //asserting the text of dropdown list\ncy.get('#dropdowm-menu-2').select('TestNG').contains('TestNG');",
              "err": {},
              "uuid": "f37bb59f-155f-4cbc-b771-ec7d6851b501",
              "parentUUID": "212c4bef-55b1-429a-8cb2-50045003c76c",
              "isHook": false,
              "skipped": false
            }
          ],
          "suites": [],
          "passes": [
            "f37bb59f-155f-4cbc-b771-ec7d6851b501"
          ],
          "failures": [],
          "pending": [],
          "skipped": [],
          "duration": 1777,
          "root": false,
          "rootEmpty": false,
          "_timeout": 2000
        }
      ],
      "passes": [],
      "failures": [],
      "pending": [],
      "skipped": [],
      "duration": 0,
      "root": true,
      "rootEmpty": true,
      "_timeout": 2000
    }
  ],
  "meta": {
    "mocha": {
      "version": "7.0.1"
    },
    "mochawesome": {
      "options": {
        "quiet": false,
        "reportFilename": "mochawesome",
        "saveHtml": false,
        "saveJson": true,
        "consoleReporter": "spec",
        "useInlineDiffs": false,
        "code": true
      },
      "version": "7.1.3"
    },
    "marge": {
      "options": {
        "id": "default",
        "reportDir": "cypress/results/mochawesome",
        "quite": true,
        "overwrite": false,
        "html": false,
        "json": true
      },
      "version": "6.2.0"
    }
  }
}